Terminated

ERROR conda.cli.main_run:execute(125): `conda run python train_displacement_model.py --tail-closures 20` failed. (See above for error)
================================================================================
Displacement Classification Model Training
Started at 2026-03-11T17:25:55.430740
================================================================================
Loading order result from /home/litao/Coffee/data/data1031/order_result.csv
  Loaded 7,312,498 orders
  Closures after Aug-2020 filter: 89
  [DEBUG] Using last 20 closure(s) (tail)
Loaded 120,841 no-push members
Loading member demographics from /home/litao/Coffee/data/data1031/member_result.csv
  Loaded 809,751 members
  Saved encoding map (147 entries) → /home/litao/Coffee/model-free/data/intermediate/demo_encoding_map.csv

Calculating customer store preferences (min 5 purchases)...
  Qualified customers: 286,784
  Preferred store ratio - Mean: 0.696, Median: 0.714

Pre-filtering data to exact panel members across all closures...
  Never-treated control pool: 116,842 customers
  Treatment members (union):  7,173
  Control members (union):    101,333
  Total panel members:        108,506
  df_order_full: 7,312,498 → 2,437,905 rows

Building training panel (4-week window)...
  Never-treated control pool: 116,842 customers
  Earliest order date in data: 2020-06-01
  Closure 1/20...
  Panel: 8,300,103 rows, 106,392 unique members
  Label distribution: {0: 6993250, 1: 1306853}

Computing features (vectorized)...
  100 unique (closure, period) groups across 106,392 unique members — iterating by closure × period...
  Group 1/100  dept=133  closure=2021-07-28  period_start=2021-06-30

