================================================================================
Displacement Classification Model Training
Started at 2026-03-12T12:02:05.237359
================================================================================
Loading order result from /home/litao/Coffee/data/data1031/order_result.csv
  Loaded 7,312,498 orders
  Closures after Aug-2020 filter: 89
  [DEBUG] Using last 20 closure(s) (tail)
Loaded 120,841 no-push members
Loading member demographics from /home/litao/Coffee/data/data1031/member_result.csv
  Loaded 809,751 members
  Saved encoding map (147 entries) → /home/litao/Coffee/model-free/data/intermediate/demo_encoding_map.csv

Calculating customer store preferences (min 5 purchases)...
  Qualified customers: 286,784
  Preferred store ratio - Mean: 0.696, Median: 0.714

Pre-filtering data to exact panel members across all closures...
  Never-treated control pool: 116,842 customers
  Treatment members (union):  7,173
  Control members (union):    101,333
  Total panel members:        108,506
  df_order_full: 7,312,498 → 2,437,905 rows

Building training panel (4-week window)...
  Never-treated control pool: 116,842 customers
  Earliest order date in data: 2020-06-01
  Closure 1/20...
  Panel: 8,300,103 rows, 106,392 unique members
  Label distribution: {0: 6993250, 1: 1306853}

Computing features (vectorized)...
  100 (closure × period) groups across 106,392 unique members — iterating over 43 unique period_start dates...
  period_start 1/43  date=2021-06-30
  period_start 10/43  date=2021-07-12
  period_start 20/43  date=2021-07-23
  period_start 30/43  date=2021-08-03
  period_start 40/43  date=2021-10-20
  Merging behavioral features back onto panel...
  Done. Feature matrix: 8,300,103 rows × 62 columns

================================================================================
Variable Statistics (mean, min, max)
================================================================================
  total_purchase_days_pre: mean=17.5496, min=1.0000, max=417.0000
  purchases_per_week_all_pre: mean=0.2934, min=0.0135, max=6.8000
  purchases_per_week_last_4w: mean=0.3361, min=0.0000, max=7.2500
  purchases_per_week_last_2w: mean=0.3105, min=0.0000, max=7.5000
  purchases_per_week_last_1w: mean=0.3067, min=0.0000, max=8.0000
  days_since_last_purchase: mean=71.2591, min=1.0000, max=523.0000
  purchased_in_last_7_days: mean=0.1627, min=0.0000, max=1.0000
  purchased_in_last_14_days: mean=0.2672, min=0.0000, max=1.0000
  total_orders_pre: mean=18.9470, min=1.0000, max=3043.0000
  total_spend_pre: mean=2305.5476, min=18.5000, max=1031223.2000
  total_spend_last_4w: mean=188.6214, min=0.0000, max=166794.2000
  total_spend_last_2w: mean=87.7272, min=0.0000, max=103531.8000
  mean_inter_purchase_interval_days: mean=23.8944, min=0.0000, max=504.0000
  std_inter_purchase_interval_days: mean=29.0757, min=0.0000, max=354.9676
  max_gap_between_purchases: mean=87.7482, min=0.0000, max=507.0000
  cv_inter_purchase_interval: mean=1.2500, min=0.0000, max=6.6764
  longest_consecutive_streak_days: mean=2.1730, min=1.0000, max=162.0000
  share_weeks_with_purchase: mean=0.1890, min=0.0133, max=1.0179
  modal_purchase_dow: mean=2.2477, min=0.0000, max=6.0000
  share_purchases_dow0: mean=0.1553, min=0.0000, max=1.0000
  share_purchases_dow1: mean=0.1564, min=0.0000, max=1.0000
  share_purchases_dow2: mean=0.1551, min=0.0000, max=1.0000
  share_purchases_dow3: mean=0.1562, min=0.0000, max=1.0000
  share_purchases_dow4: mean=0.1628, min=0.0000, max=1.0000
  share_purchases_dow5: mean=0.1135, min=0.0000, max=1.0000
  share_purchases_dow6: mean=0.1008, min=0.0000, max=1.0000
  entropy_dow: mean=1.5014, min=-0.0000, max=1.9459
  avg_basket_size: mean=1.5015, min=1.0000, max=19.2000
  n_order_categories_avg: mean=1.1971, min=1.0000, max=3.0000
  unique_stores_pre: mean=1.6750, min=1.0000, max=20.0000
  preferred_store_ratio: mean=0.9474, min=0.2000, max=1.0000
  second_store_ratio: mean=0.0445, min=0.0000, max=0.5000
  avg_discount_per_order: mean=3.4361, min=2.3333, max=4.0000
  coupon_usage_rate: mean=0.7863, min=0.0000, max=1.0000
  avg_coffee_num: mean=0.8420, min=0.0000, max=15.0000
  avg_food_num: mean=0.1338, min=0.0000, max=8.8000
  avg_use_coffee_wallet: mean=0.0608, min=0.0000, max=15.0000
  avg_delivery_pay: mean=0.5310, min=0.0000, max=6.0000
  coffee_share_orders: mean=0.6987, min=0.0000, max=1.0000
  take_address_rate: mean=0.0971, min=0.0000, max=1.0000
  gender: mean=2.3693, min=1.0000, max=3.0000
  level: mean=2.7530, min=2.0000, max=14.0000
  has_inviter: mean=2.2638, min=2.0000, max=3.0000
  manufacturer: mean=49.3870, min=1.0000, max=120.0000
  callphone: mean=2.2159, min=1.0000, max=3.0000
  push: mean=2.1747, min=1.0000, max=3.0000

================================================================================
Selected Data Statistics
================================================================================
  Training observations: 6,645,040
  Treatment Pre (t=-1) eval: 6,197
  Control Pre (t=-1) eval: 1,655,063
  Control During (t=0) eval: 1,655,063
  Label rate (train): 0.1475

GPU available: True

Saved model → /home/litao/Coffee/model-free/scripts/displacement_classification/displacement_model.json

================================================================================
Variable Importance Ranking (top 30)
================================================================================
    1. purchases_per_week_last_1w: 4925.30
    2. days_since_last_purchase: 2265.55
    3. purchases_per_week_last_2w: 1460.08
    4. total_purchase_days_pre: 1417.55
    5. purchases_per_week_last_4w: 562.19
    6. total_spend_last_2w: 536.83
    7. preferred_store_ratio: 337.20
    8. share_weeks_with_purchase: 271.85
    9. avg_coffee_num: 180.79
   10. share_purchases_dow6: 172.82
   11. total_spend_pre: 147.19
   12. avg_delivery_pay: 146.50
   13. mean_inter_purchase_interval_days: 142.25
   14. cv_inter_purchase_interval: 138.96
   15. std_inter_purchase_interval_days: 134.53
   16. take_address_rate: 129.46
   17. callphone: 121.68
   18. gender: 121.06
   19. coffee_share_orders: 119.37
   20. purchases_per_week_all_pre: 118.58
   21. max_gap_between_purchases: 117.16
   22. unique_stores_pre: 111.31
   23. longest_consecutive_streak_days: 107.68
   24. share_purchases_dow5: 107.15
   25. total_orders_pre: 98.65
   26. level: 96.79
   27. manufacturer: 88.38
   28. second_store_ratio: 86.13
   29. total_spend_last_4w: 81.18
   30. share_purchases_dow4: 76.79

Saved variable_importance.csv to /home/litao/Coffee/model-free/scripts/displacement_classification

================================================================================
Prediction Accuracy Table
================================================================================
 accuracy  precision   recall       f1      fpr      fnr       n             group
 0.752138   0.235683 0.393382 0.294766 0.193458 0.606618    6197 Treatment_Pre_t-1
 0.917428   0.714852 0.392195 0.506504 0.018950 0.607805 1655063   Control_Pre_t-1
 0.834644   0.860564 0.194703 0.317559 0.007769 0.805297 1655063 Control_During_t0

Saved prediction_accuracy.csv to /home/litao/Coffee/model-free/scripts/displacement_classification

Scoring full panel...
Saved scored panel (8,300,103 rows) → /home/litao/Coffee/model-free/scripts/displacement_classification/panel_with_scores.parquet
Saved score summary CSV → /home/litao/Coffee/model-free/scripts/displacement_classification/displacement_scores.csv

================================================================================
Completed at 2026-03-12T12:26:19.936150
================================================================================
