2026-03-17 20:22:09,842 | INFO | ================================================================================
2026-03-17 20:22:09,843 | INFO | Displacement Classification Model Training
2026-03-17 20:22:09,843 | INFO | Started at 2026-03-17T20:22:09.843098
2026-03-17 20:22:09,843 | INFO | ================================================================================
2026-03-17 20:22:09,843 | INFO | Loading order result from /home/litao/Coffee/data/data1031/order_result.csv
2026-03-17 20:22:33,099 | INFO |   Loaded 7,312,498 orders
2026-03-17 20:22:33,103 | INFO |   Closures after Aug-2020 filter: 41
2026-03-17 20:22:33,127 | INFO | Loaded 120,841 no-push members
2026-03-17 20:22:33,127 | INFO | Loading member demographics from /home/litao/Coffee/data/data1031/member_result.csv
2026-03-17 20:22:33,807 | INFO |   Loaded 809,751 members
2026-03-17 20:22:34,102 | INFO |   Saved encoding map (147 entries) → /home/litao/Coffee/model-free/data/intermediate/demo_encoding_map.csv
2026-03-17 20:22:45,228 | INFO | 
Pre-filtering data to exact panel members across all closures...
2026-03-17 20:22:45,231 | INFO | Loaded closure pair registry from CSV: /home/litao/Coffee/model-free/outputs/customer-store/closure_pair_registry.csv (kept rows: 30/34)
2026-03-17 20:42:00,577 | INFO |   Treatment members (union):  10,298
2026-03-17 20:42:00,578 | INFO |   Control members (union):    47,570
2026-03-17 20:42:00,578 | INFO |   Total panel members:        57,867
2026-03-17 20:42:02,098 | INFO |   df_order_full: 7,312,498 → 1,659,563 rows
2026-03-17 20:42:02,099 | INFO | 
Building training panel (4 pre-periods of length D=closure_duration_days)...
2026-03-17 20:42:02,101 | INFO | Loaded closure pair registry from CSV: /home/litao/Coffee/model-free/outputs/customer-store/closure_pair_registry.csv (kept rows: 30/34)
2026-03-17 20:42:04,970 | INFO |   Never-treated control pool: 108,591 customers
2026-03-17 20:42:05,316 | INFO |   Earliest order date in data: 2020-06-01
2026-03-17 20:42:05,316 | INFO |   Closure 1/41...
2026-03-17 20:51:32,708 | INFO |   Closure 25/41...
2026-03-17 21:00:53,148 | INFO |   Skipped 2 closure(s) for insufficient history.
2026-03-17 21:00:53,678 | INFO |   Panel: 265,509 rows, 54,823 unique members
2026-03-17 21:00:53,680 | INFO |   Label distribution: {0: 171131, 1: 94378}
2026-03-17 21:00:53,923 | INFO | 
Computing features (vectorized)...
2026-03-17 21:00:55,586 | INFO |   145 (closure × period) groups across 54,823 unique members — iterating over 105 unique period_start dates...
2026-03-17 21:00:55,589 | INFO |   period_start 1/105  date=2020-08-28
2026-03-17 21:01:08,572 | INFO |   period_start 10/105  date=2020-10-30
2026-03-17 21:01:30,382 | INFO |   period_start 20/105  date=2021-01-10
2026-03-17 21:01:56,924 | INFO |   period_start 30/105  date=2021-03-07
2026-03-17 21:02:28,713 | INFO |   period_start 40/105  date=2021-04-20
2026-03-17 21:03:04,477 | INFO |   period_start 50/105  date=2021-05-23
2026-03-17 21:03:42,426 | INFO |   period_start 60/105  date=2021-06-12
2026-03-17 21:04:22,462 | INFO |   period_start 70/105  date=2021-06-29
2026-03-17 21:05:04,210 | INFO |   period_start 80/105  date=2021-07-14
2026-03-17 21:05:47,104 | INFO |   period_start 90/105  date=2021-07-26
2026-03-17 21:06:30,808 | INFO |   period_start 100/105  date=2021-08-29
2026-03-17 21:07:00,126 | INFO |   Merging behavioral features back onto panel...
2026-03-17 21:07:00,616 | INFO |   Done. Feature matrix: 265,509 rows × 63 columns
2026-03-17 21:07:00,831 | INFO | 
Building ex-ante t0 scoring panel (both groups)...
2026-03-17 21:07:00,835 | INFO | Loaded closure pair registry from CSV: /home/litao/Coffee/model-free/outputs/customer-store/closure_pair_registry.csv (kept rows: 30/34)
2026-03-17 21:07:00,936 | INFO |   Never-treated control pool: 108,591 customers
2026-03-17 21:25:48,283 | INFO |   Skipped 2 closure(s) for insufficient history.
2026-03-17 21:25:48,285 | INFO |   Ex-ante panel: 55,113 rows, 54,823 unique members
2026-03-17 21:25:48,392 | INFO | 
Computing features (vectorized)...
2026-03-17 21:25:49,863 | INFO |   29 (closure × period) groups across 54,823 unique members — iterating over 23 unique period_start dates...
2026-03-17 21:25:49,864 | INFO |   period_start 1/23  date=2020-10-11
2026-03-17 21:26:15,116 | INFO |   period_start 10/23  date=2021-07-15
2026-03-17 21:26:58,405 | INFO |   period_start 20/23  date=2021-08-09
2026-03-17 21:27:16,973 | INFO |   Merging behavioral features back onto panel...
2026-03-17 21:27:17,063 | INFO |   Done. Feature matrix: 55,113 rows × 64 columns
2026-03-17 21:27:17,275 | INFO | 
================================================================================
2026-03-17 21:27:17,275 | INFO | Variable Statistics (mean, min, max)
2026-03-17 21:27:17,275 | INFO | ================================================================================
2026-03-17 21:27:17,277 | INFO |   total_purchase_days_pre: mean=17.1263, min=1.0000, max=395.0000
2026-03-17 21:27:17,280 | INFO |   purchases_per_week_all_pre: mean=0.3470, min=0.0158, max=6.7936
2026-03-17 21:27:17,283 | INFO |   purchases_per_week_last_4w: mean=0.3975, min=0.0000, max=7.2500
2026-03-17 21:27:17,286 | INFO |   purchases_per_week_last_2w: mean=0.4048, min=0.0000, max=7.5000
2026-03-17 21:27:17,289 | INFO |   purchases_per_week_last_1w: mean=0.4277, min=0.0000, max=8.0000
2026-03-17 21:27:17,290 | INFO |   days_since_last_purchase: mean=63.9926, min=1.0000, max=518.0000
2026-03-17 21:27:17,291 | INFO |   purchased_in_last_7_days: mean=0.2341, min=0.0000, max=1.0000
2026-03-17 21:27:17,292 | INFO |   purchased_in_last_14_days: mean=0.3535, min=0.0000, max=1.0000
2026-03-17 21:27:17,293 | INFO |   total_orders_pre: mean=18.6414, min=1.0000, max=2883.0000
2026-03-17 21:27:17,296 | INFO |   total_spend_pre: mean=2301.0979, min=32.3000, max=967916.9000
2026-03-17 21:27:17,299 | INFO |   total_spend_last_4w: mean=225.8968, min=0.0000, max=166794.2000
2026-03-17 21:27:17,302 | INFO |   total_spend_last_2w: mean=115.4580, min=0.0000, max=96332.9000
2026-03-17 21:27:17,304 | INFO |   mean_inter_purchase_interval_days: mean=23.2433, min=0.0000, max=424.0000
2026-03-17 21:27:17,307 | INFO |   std_inter_purchase_interval_days: mean=25.7705, min=0.0000, max=270.8219
2026-03-17 21:27:17,309 | INFO |   max_gap_between_purchases: mean=76.6042, min=0.0000, max=424.0000
2026-03-17 21:27:17,311 | INFO |   cv_inter_purchase_interval: mean=1.1467, min=0.0000, max=6.4660
2026-03-17 21:27:17,312 | INFO |   longest_consecutive_streak_days: mean=2.1126, min=1.0000, max=162.0000
2026-03-17 21:27:17,314 | INFO |   share_weeks_with_purchase: mean=0.2227, min=0.0156, max=1.0833
2026-03-17 21:27:17,315 | INFO |   modal_purchase_dow: mean=2.2548, min=0.0000, max=6.0000
2026-03-17 21:27:17,318 | INFO |   share_purchases_dow0: mean=0.1562, min=0.0000, max=1.0000
2026-03-17 21:27:17,321 | INFO |   share_purchases_dow1: mean=0.1575, min=0.0000, max=1.0000
2026-03-17 21:27:17,323 | INFO |   share_purchases_dow2: mean=0.1579, min=0.0000, max=1.0000
2026-03-17 21:27:17,326 | INFO |   share_purchases_dow3: mean=0.1570, min=0.0000, max=1.0000
2026-03-17 21:27:17,328 | INFO |   share_purchases_dow4: mean=0.1659, min=0.0000, max=1.0000
2026-03-17 21:27:17,331 | INFO |   share_purchases_dow5: mean=0.1099, min=0.0000, max=1.0000
2026-03-17 21:27:17,334 | INFO |   share_purchases_dow6: mean=0.0956, min=0.0000, max=1.0000
2026-03-17 21:27:17,336 | INFO |   entropy_dow: mean=1.4434, min=-0.0000, max=1.9459
2026-03-17 21:27:17,339 | INFO |   avg_basket_size: mean=1.5736, min=1.0000, max=29.0000
2026-03-17 21:27:17,342 | INFO |   n_order_categories_avg: mean=1.2115, min=1.0000, max=3.0000
2026-03-17 21:27:17,343 | INFO |   unique_stores_pre: mean=1.8094, min=1.0000, max=16.0000
2026-03-17 21:27:17,346 | INFO |   preferred_store_ratio: mean=0.9311, min=0.2500, max=1.0000
2026-03-17 21:27:17,349 | INFO |   second_store_ratio: mean=0.0578, min=0.0000, max=0.5000
2026-03-17 21:27:17,351 | INFO |   avg_discount_per_order: mean=3.4361, min=2.3333, max=4.0000
2026-03-17 21:27:17,354 | INFO |   coupon_usage_rate: mean=0.7816, min=0.0000, max=1.0000
2026-03-17 21:27:17,356 | INFO |   avg_coffee_num: mean=0.9265, min=0.0000, max=11.0000
2026-03-17 21:27:17,359 | INFO |   avg_food_num: mean=0.1405, min=0.0000, max=14.0000
2026-03-17 21:27:17,362 | INFO |   avg_use_coffee_wallet: mean=0.0767, min=0.0000, max=8.1667
2026-03-17 21:27:17,364 | INFO |   avg_delivery_pay: mean=0.7661, min=0.0000, max=6.0000
2026-03-17 21:27:17,367 | INFO |   coffee_share_orders: mean=0.7418, min=0.0000, max=1.0000
2026-03-17 21:27:17,370 | INFO |   take_address_rate: mean=0.1408, min=0.0000, max=1.0000
2026-03-17 21:27:17,371 | INFO |   gender: mean=2.3729, min=1.0000, max=3.0000
2026-03-17 21:27:17,372 | INFO |   level: mean=2.8684, min=2.0000, max=14.0000
2026-03-17 21:27:17,373 | INFO |   has_inviter: mean=2.2956, min=2.0000, max=3.0000
2026-03-17 21:27:17,374 | INFO |   manufacturer: mean=46.6621, min=1.0000, max=120.0000
2026-03-17 21:27:17,375 | INFO |   callphone: mean=2.3117, min=1.0000, max=3.0000
2026-03-17 21:27:17,376 | INFO |   push: mean=2.2003, min=1.0000, max=3.0000
2026-03-17 21:27:17,376 | INFO | 
================================================================================
2026-03-17 21:27:17,376 | INFO | Label balance audit (by closure_duration_days)
2026-03-17 21:27:17,376 | INFO | ================================================================================
2026-03-17 21:27:17,387 | INFO |   D=10 train: n=12,933, n_positive=4,249, label_rate=0.3285
2026-03-17 21:27:17,387 | INFO |   D=10 eval_pre_treatment: n=979, n_positive=173, label_rate=0.1767
2026-03-17 21:27:17,387 | INFO |   D=10 eval_pre_control: n=3,332, n_positive=901, label_rate=0.2704
2026-03-17 21:27:17,388 | INFO |   D=10 eval_during: n=3,332, n_positive=576, label_rate=0.1729
2026-03-17 21:27:17,406 | INFO |   D=11 train: n=28,752, n_positive=9,401, label_rate=0.3270
2026-03-17 21:27:17,406 | INFO |   D=11 eval_pre_treatment: n=1,603, n_positive=495, label_rate=0.3088
2026-03-17 21:27:17,406 | INFO |   D=11 eval_pre_control: n=7,981, n_positive=2,428, label_rate=0.3042
2026-03-17 21:27:17,406 | INFO |   D=11 eval_during: n=7,981, n_positive=2,285, label_rate=0.2863
2026-03-17 21:27:17,415 | INFO |   D=12 train: n=10,947, n_positive=3,360, label_rate=0.3069
2026-03-17 21:27:17,415 | INFO |   D=12 eval_pre_treatment: n=328, n_positive=73, label_rate=0.2226
2026-03-17 21:27:17,415 | INFO |   D=12 eval_pre_control: n=3,321, n_positive=797, label_rate=0.2400
2026-03-17 21:27:17,415 | INFO |   D=12 eval_during: n=3,321, n_positive=632, label_rate=0.1903
2026-03-17 21:27:17,421 | INFO |   D=13 train: n=6,309, n_positive=2,130, label_rate=0.3376
2026-03-17 21:27:17,421 | INFO |   D=13 eval_pre_treatment: n=441, n_positive=124, label_rate=0.2812
2026-03-17 21:27:17,421 | INFO |   D=13 eval_pre_control: n=1,662, n_positive=529, label_rate=0.3183
2026-03-17 21:27:17,421 | INFO |   D=13 eval_during: n=1,662, n_positive=396, label_rate=0.2383
2026-03-17 21:27:17,439 | INFO |   D=14 train: n=26,547, n_positive=9,236, label_rate=0.3479
2026-03-17 21:27:17,439 | INFO |   D=14 eval_pre_treatment: n=2,167, n_positive=630, label_rate=0.2907
2026-03-17 21:27:17,439 | INFO |   D=14 eval_pre_control: n=6,682, n_positive=1,664, label_rate=0.2490
2026-03-17 21:27:17,439 | INFO |   D=14 eval_during: n=6,682, n_positive=1,668, label_rate=0.2496
2026-03-17 21:27:17,445 | INFO |   D=15 train: n=3,345, n_positive=1,574, label_rate=0.4706
2026-03-17 21:27:17,445 | INFO |   D=15 eval_pre_treatment: n=166, n_positive=64, label_rate=0.3855
2026-03-17 21:27:17,448 | INFO |   D=15 eval_pre_control: n=949, n_positive=417, label_rate=0.4394
2026-03-17 21:27:17,448 | INFO |   D=15 eval_during: n=949, n_positive=338, label_rate=0.3562
2026-03-17 21:27:17,456 | INFO |   D=16 train: n=8,160, n_positive=3,149, label_rate=0.3859
2026-03-17 21:27:17,457 | INFO |   D=16 eval_pre_treatment: n=304, n_positive=50, label_rate=0.1645
2026-03-17 21:27:17,457 | INFO |   D=16 eval_pre_control: n=2,416, n_positive=755, label_rate=0.3125
2026-03-17 21:27:17,457 | INFO |   D=16 eval_during: n=2,416, n_positive=726, label_rate=0.3005
2026-03-17 21:27:17,466 | INFO |   D=17 train: n=12,216, n_positive=5,085, label_rate=0.4163
2026-03-17 21:27:17,466 | INFO |   D=17 eval_pre_treatment: n=525, n_positive=139, label_rate=0.2648
2026-03-17 21:27:17,466 | INFO |   D=17 eval_pre_control: n=3,547, n_positive=1,261, label_rate=0.3555
2026-03-17 21:27:17,466 | INFO |   D=17 eval_during: n=3,547, n_positive=1,109, label_rate=0.3127
2026-03-17 21:27:17,474 | INFO |   D=18 train: n=11,385, n_positive=4,577, label_rate=0.4020
2026-03-17 21:27:17,474 | INFO |   D=18 eval_pre_treatment: n=619, n_positive=167, label_rate=0.2698
2026-03-17 21:27:17,475 | INFO |   D=18 eval_pre_control: n=3,176, n_positive=791, label_rate=0.2491
2026-03-17 21:27:17,475 | INFO |   D=18 eval_during: n=3,176, n_positive=712, label_rate=0.2242
2026-03-17 21:27:17,479 | INFO |   D=23 train: n=2,718, n_positive=1,431, label_rate=0.5265
2026-03-17 21:27:17,480 | INFO |   D=23 eval_pre_treatment: n=148, n_positive=70, label_rate=0.4730
2026-03-17 21:27:17,480 | INFO |   D=23 eval_pre_control: n=758, n_positive=316, label_rate=0.4169
2026-03-17 21:27:17,480 | INFO |   D=23 eval_during: n=758, n_positive=244, label_rate=0.3219
2026-03-17 21:27:17,487 | INFO |   D=25 train: n=7,203, n_positive=3,331, label_rate=0.4624
2026-03-17 21:27:17,487 | INFO |   D=25 eval_pre_treatment: n=252, n_positive=116, label_rate=0.4603
2026-03-17 21:27:17,487 | INFO |   D=25 eval_pre_control: n=2,149, n_positive=863, label_rate=0.4016
2026-03-17 21:27:17,487 | INFO |   D=25 eval_during: n=2,149, n_positive=644, label_rate=0.2997
2026-03-17 21:27:17,502 | INFO |   D=26 train: n=20,472, n_positive=9,625, label_rate=0.4702
2026-03-17 21:27:17,502 | INFO |   D=26 eval_pre_treatment: n=605, n_positive=271, label_rate=0.4479
2026-03-17 21:27:17,502 | INFO |   D=26 eval_pre_control: n=6,219, n_positive=2,640, label_rate=0.4245
2026-03-17 21:27:17,502 | INFO |   D=26 eval_during: n=6,219, n_positive=1,824, label_rate=0.2933
2026-03-17 21:27:17,511 | INFO |   D=28 train: n=9,285, n_positive=4,573, label_rate=0.4925
2026-03-17 21:27:17,511 | INFO |   D=28 eval_pre_treatment: n=1,204, n_positive=591, label_rate=0.4909
2026-03-17 21:27:17,511 | INFO |   D=28 eval_pre_control: n=1,891, n_positive=862, label_rate=0.4558
2026-03-17 21:27:17,511 | INFO |   D=28 eval_during: n=1,891, n_positive=657, label_rate=0.3474
2026-03-17 21:27:17,516 | INFO |   D=29 train: n=5,067, n_positive=2,495, label_rate=0.4924
2026-03-17 21:27:17,516 | INFO |   D=29 eval_pre_treatment: n=715, n_positive=366, label_rate=0.5119
2026-03-17 21:27:17,516 | INFO |   D=29 eval_pre_control: n=974, n_positive=448, label_rate=0.4600
2026-03-17 21:27:17,516 | INFO |   D=29 eval_during: n=974, n_positive=350, label_rate=0.3593
2026-03-17 21:27:17,518 | INFO |   Saved /home/litao/Coffee/model-free/outputs/displacement_classification/label_balance_audit.csv
2026-03-17 21:27:17,970 | INFO | 
GPU available: True
2026-03-17 21:27:17,973 | INFO | 
Training 14 model(s), one per duration: [10, 11, 12, 13, 14, 15, 16, 17, 18, 23, 25, 26, 28, 29]
2026-03-17 21:27:18,698 | INFO | 
  Duration D=10: train n=12,933, eval_pre n=4,311, eval_during n=3,332
2026-03-17 21:27:18,729 | INFO | 
Saved model → /home/litao/Coffee/model-free/outputs/displacement_classification/displacement_model_10.json
2026-03-17 21:27:18,731 | INFO | 
================================================================================
2026-03-17 21:27:18,731 | INFO | Variable Importance Ranking (top 30)
2026-03-17 21:27:18,731 | INFO | ================================================================================
2026-03-17 21:27:18,732 | INFO |     1. purchases_per_week_last_4w: 35.54
2026-03-17 21:27:18,732 | INFO |     2. purchases_per_week_last_2w: 7.14
2026-03-17 21:27:18,732 | INFO |     3. total_purchase_days_pre: 7.03
2026-03-17 21:27:18,732 | INFO |     4. purchases_per_week_last_1w: 6.25
2026-03-17 21:27:18,732 | INFO |     5. days_since_last_purchase: 4.93
2026-03-17 21:27:18,732 | INFO |     6. preferred_store_ratio: 3.56
2026-03-17 21:27:18,732 | INFO |     7. total_orders_pre: 3.28
2026-03-17 21:27:18,733 | INFO |     8. second_store_ratio: 2.71
2026-03-17 21:27:18,733 | INFO |     9. share_weeks_with_purchase: 2.70
2026-03-17 21:27:18,733 | INFO |    10. mean_inter_purchase_interval_days: 2.59
2026-03-17 21:27:18,733 | INFO |    11. coffee_share_orders: 2.51
2026-03-17 21:27:18,733 | INFO |    12. share_purchases_dow0: 2.50
2026-03-17 21:27:18,733 | INFO |    13. max_gap_between_purchases: 2.48
2026-03-17 21:27:18,733 | INFO |    14. take_address_rate: 2.44
2026-03-17 21:27:18,733 | INFO |    15. std_inter_purchase_interval_days: 2.41
2026-03-17 21:27:18,733 | INFO |    16. unique_stores_pre: 2.41
2026-03-17 21:27:18,733 | INFO |    17. share_purchases_dow5: 2.41
2026-03-17 21:27:18,733 | INFO |    18. purchases_per_week_all_pre: 2.37
2026-03-17 21:27:18,734 | INFO |    19. cv_inter_purchase_interval: 2.33
2026-03-17 21:27:18,734 | INFO |    20. share_purchases_dow1: 2.31
2026-03-17 21:27:18,734 | INFO |    21. total_spend_pre: 2.30
2026-03-17 21:27:18,734 | INFO |    22. share_purchases_dow4: 2.30
2026-03-17 21:27:18,734 | INFO |    23. share_purchases_dow6: 2.28
2026-03-17 21:27:18,734 | INFO |    24. avg_use_coffee_wallet: 2.24
2026-03-17 21:27:18,734 | INFO |    25. entropy_dow: 2.22
2026-03-17 21:27:18,734 | INFO |    26. share_purchases_dow2: 2.18
2026-03-17 21:27:18,734 | INFO |    27. coupon_usage_rate: 2.17
2026-03-17 21:27:18,734 | INFO |    28. avg_coffee_num: 2.16
2026-03-17 21:27:18,734 | INFO |    29. total_spend_last_2w: 2.16
2026-03-17 21:27:18,735 | INFO |    30. avg_basket_size: 2.15
2026-03-17 21:27:18,736 | INFO | 
Saved variable_importance_10.csv → /home/litao/Coffee/model-free/outputs/displacement_classification
2026-03-17 21:27:18,820 | INFO | 
================================================================================
2026-03-17 21:27:18,820 | INFO | Prediction Accuracy Table
2026-03-17 21:27:18,820 | INFO | ================================================================================
2026-03-17 21:27:18,829 | INFO |  accuracy  precision   recall       f1      fpr      fnr    n             group
 0.832482   0.528662 0.479769 0.503030 0.091811 0.520231  979 Treatment_Pre_t-1
 0.783313   0.615484 0.529412 0.569212 0.122583 0.470588 3332   Control_Pre_t-1
 0.759304   0.356599 0.487847 0.412023 0.183962 0.512153 3332 Control_During_t0
2026-03-17 21:27:18,830 | INFO | 
Saved prediction_accuracy_10.csv → /home/litao/Coffee/model-free/outputs/displacement_classification
2026-03-17 21:27:18,830 | INFO | 
Scoring full panel...
2026-03-17 21:27:19,041 | INFO | Saved scored panel (20,576 rows) → /home/litao/Coffee/model-free/outputs/displacement_classification/panel_with_scores_10.parquet
2026-03-17 21:27:19,154 | INFO | Saved score summary CSV → /home/litao/Coffee/model-free/outputs/displacement_classification/displacement_scores_10.csv
2026-03-17 21:27:19,939 | INFO | 
  Duration D=11: train n=28,752, eval_pre n=9,584, eval_during n=7,981
2026-03-17 21:27:19,968 | INFO | 
Saved model → /home/litao/Coffee/model-free/outputs/displacement_classification/displacement_model_11.json
2026-03-17 21:27:19,970 | INFO | 
================================================================================
2026-03-17 21:27:19,970 | INFO | Variable Importance Ranking (top 30)
2026-03-17 21:27:19,970 | INFO | ================================================================================
2026-03-17 21:27:19,970 | INFO |     1. purchases_per_week_last_4w: 70.10
2026-03-17 21:27:19,970 | INFO |     2. purchases_per_week_last_2w: 20.85
2026-03-17 21:27:19,970 | INFO |     3. total_purchase_days_pre: 15.80
2026-03-17 21:27:19,970 | INFO |     4. days_since_last_purchase: 9.16
2026-03-17 21:27:19,970 | INFO |     5. purchases_per_week_last_1w: 6.70
2026-03-17 21:27:19,970 | INFO |     6. preferred_store_ratio: 5.57
2026-03-17 21:27:19,971 | INFO |     7. share_weeks_with_purchase: 4.92
2026-03-17 21:27:19,971 | INFO |     8. total_orders_pre: 4.06
2026-03-17 21:27:19,971 | INFO |     9. take_address_rate: 3.51
2026-03-17 21:27:19,971 | INFO |    10. purchases_per_week_all_pre: 3.48
2026-03-17 21:27:19,971 | INFO |    11. second_store_ratio: 3.48
2026-03-17 21:27:19,971 | INFO |    12. coffee_share_orders: 3.45
2026-03-17 21:27:19,971 | INFO |    13. mean_inter_purchase_interval_days: 3.44
2026-03-17 21:27:19,971 | INFO |    14. std_inter_purchase_interval_days: 3.42
2026-03-17 21:27:19,971 | INFO |    15. avg_use_coffee_wallet: 3.35
2026-03-17 21:27:19,971 | INFO |    16. cv_inter_purchase_interval: 3.33
2026-03-17 21:27:19,971 | INFO |    17. share_purchases_dow5: 3.32
2026-03-17 21:27:19,971 | INFO |    18. max_gap_between_purchases: 3.32
2026-03-17 21:27:19,971 | INFO |    19. share_purchases_dow4: 3.29
2026-03-17 21:27:19,971 | INFO |    20. avg_coffee_num: 3.26
2026-03-17 21:27:19,971 | INFO |    21. avg_basket_size: 3.25
2026-03-17 21:27:19,972 | INFO |    22. coupon_usage_rate: 3.23
2026-03-17 21:27:19,972 | INFO |    23. share_purchases_dow1: 3.21
2026-03-17 21:27:19,972 | INFO |    24. entropy_dow: 3.21
2026-03-17 21:27:19,972 | INFO |    25. share_purchases_dow3: 3.17
2026-03-17 21:27:19,972 | INFO |    26. share_purchases_dow2: 3.17
2026-03-17 21:27:19,972 | INFO |    27. avg_delivery_pay: 3.13
2026-03-17 21:27:19,972 | INFO |    28. avg_food_num: 3.13
2026-03-17 21:27:19,972 | INFO |    29. n_order_categories_avg: 3.12
2026-03-17 21:27:19,972 | INFO |    30. avg_discount_per_order: 3.11
2026-03-17 21:27:19,973 | INFO | 
Saved variable_importance_11.csv → /home/litao/Coffee/model-free/outputs/displacement_classification
2026-03-17 21:27:20,019 | INFO | 
================================================================================
2026-03-17 21:27:20,019 | INFO | Prediction Accuracy Table
2026-03-17 21:27:20,019 | INFO | ================================================================================
2026-03-17 21:27:20,022 | INFO |  accuracy  precision   recall       f1      fpr      fnr    n             group
 0.779164   0.722397 0.462626 0.564039 0.079422 0.537374 1603 Treatment_Pre_t-1
 0.768826   0.682988 0.448105 0.541159 0.090942 0.551895 7981   Control_Pre_t-1
 0.771081   0.647362 0.440263 0.524095 0.096208 0.559737 7981 Control_During_t0
2026-03-17 21:27:20,023 | INFO | 
Saved prediction_accuracy_11.csv → /home/litao/Coffee/model-free/outputs/displacement_classification
2026-03-17 21:27:20,023 | INFO | 
Scoring full panel...
2026-03-17 21:27:20,269 | INFO | Saved scored panel (46,317 rows) → /home/litao/Coffee/model-free/outputs/displacement_classification/panel_with_scores_11.parquet
2026-03-17 21:27:20,457 | INFO | Saved score summary CSV → /home/litao/Coffee/model-free/outputs/displacement_classification/displacement_scores_11.csv
2026-03-17 21:27:21,210 | INFO | 
  Duration D=12: train n=10,947, eval_pre n=3,649, eval_during n=3,321
2026-03-17 21:27:21,235 | INFO | 
Saved model → /home/litao/Coffee/model-free/outputs/displacement_classification/displacement_model_12.json
2026-03-17 21:27:21,239 | INFO | 
================================================================================
2026-03-17 21:27:21,239 | INFO | Variable Importance Ranking (top 30)
2026-03-17 21:27:21,239 | INFO | ================================================================================
2026-03-17 21:27:21,239 | INFO |     1. purchases_per_week_last_4w: 43.77
2026-03-17 21:27:21,239 | INFO |     2. total_purchase_days_pre: 8.42
2026-03-17 21:27:21,239 | INFO |     3. purchases_per_week_last_2w: 7.54
2026-03-17 21:27:21,239 | INFO |     4. days_since_last_purchase: 4.38
2026-03-17 21:27:21,239 | INFO |     5. purchases_per_week_last_1w: 4.26
2026-03-17 21:27:21,240 | INFO |     6. preferred_store_ratio: 2.95
2026-03-17 21:27:21,240 | INFO |     7. total_spend_last_4w: 2.32
2026-03-17 21:27:21,240 | INFO |     8. share_weeks_with_purchase: 2.32
2026-03-17 21:27:21,240 | INFO |     9. max_gap_between_purchases: 2.25
2026-03-17 21:27:21,240 | INFO |    10. second_store_ratio: 2.25
2026-03-17 21:27:21,240 | INFO |    11. coffee_share_orders: 2.19
2026-03-17 21:27:21,240 | INFO |    12. longest_consecutive_streak_days: 2.12
2026-03-17 21:27:21,240 | INFO |    13. take_address_rate: 2.10
2026-03-17 21:27:21,240 | INFO |    14. avg_use_coffee_wallet: 2.10
2026-03-17 21:27:21,240 | INFO |    15. share_purchases_dow4: 2.09
2026-03-17 21:27:21,240 | INFO |    16. level: 2.09
2026-03-17 21:27:21,240 | INFO |    17. share_purchases_dow5: 2.08
2026-03-17 21:27:21,240 | INFO |    18. mean_inter_purchase_interval_days: 2.06
2026-03-17 21:27:21,240 | INFO |    19. gender: 2.04
2026-03-17 21:27:21,240 | INFO |    20. share_purchases_dow0: 2.03
2026-03-17 21:27:21,241 | INFO |    21. std_inter_purchase_interval_days: 2.03
2026-03-17 21:27:21,241 | INFO |    22. cv_inter_purchase_interval: 2.02
2026-03-17 21:27:21,241 | INFO |    23. avg_discount_per_order: 2.00
2026-03-17 21:27:21,241 | INFO |    24. total_orders_pre: 1.99
2026-03-17 21:27:21,241 | INFO |    25. avg_coffee_num: 1.99
2026-03-17 21:27:21,241 | INFO |    26. entropy_dow: 1.96
2026-03-17 21:27:21,241 | INFO |    27. avg_food_num: 1.96
2026-03-17 21:27:21,241 | INFO |    28. share_purchases_dow2: 1.95
2026-03-17 21:27:21,241 | INFO |    29. share_purchases_dow1: 1.95
2026-03-17 21:27:21,241 | INFO |    30. share_purchases_dow3: 1.92
2026-03-17 21:27:21,242 | INFO | 
Saved variable_importance_12.csv → /home/litao/Coffee/model-free/outputs/displacement_classification
2026-03-17 21:27:21,283 | INFO | 
================================================================================
2026-03-17 21:27:21,283 | INFO | Prediction Accuracy Table
2026-03-17 21:27:21,283 | INFO | ================================================================================
2026-03-17 21:27:21,286 | INFO |  accuracy  precision   recall       f1      fpr      fnr    n             group
 0.783537   0.515625 0.452055 0.481752 0.121569 0.547945  328 Treatment_Pre_t-1
 0.803674   0.610350 0.503137 0.551582 0.101426 0.496863 3321   Control_Pre_t-1
 0.799458   0.474320 0.496835 0.485317 0.129416 0.503165 3321 Control_During_t0
2026-03-17 21:27:21,287 | INFO | 
Saved prediction_accuracy_12.csv → /home/litao/Coffee/model-free/outputs/displacement_classification
2026-03-17 21:27:21,287 | INFO | 
Scoring full panel...
2026-03-17 21:27:21,429 | INFO | Saved scored panel (17,917 rows) → /home/litao/Coffee/model-free/outputs/displacement_classification/panel_with_scores_12.parquet
2026-03-17 21:27:21,546 | INFO | Saved score summary CSV → /home/litao/Coffee/model-free/outputs/displacement_classification/displacement_scores_12.csv
2026-03-17 21:27:22,269 | INFO | 
  Duration D=13: train n=6,309, eval_pre n=2,103, eval_during n=1,662
2026-03-17 21:27:22,294 | INFO | 
Saved model → /home/litao/Coffee/model-free/outputs/displacement_classification/displacement_model_13.json
2026-03-17 21:27:22,296 | INFO | 
================================================================================
2026-03-17 21:27:22,297 | INFO | Variable Importance Ranking (top 30)
2026-03-17 21:27:22,297 | INFO | ================================================================================
2026-03-17 21:27:22,297 | INFO |     1. purchases_per_week_last_4w: 17.78
2026-03-17 21:27:22,297 | INFO |     2. purchases_per_week_last_2w: 7.80
2026-03-17 21:27:22,297 | INFO |     3. days_since_last_purchase: 3.71
2026-03-17 21:27:22,297 | INFO |     4. purchases_per_week_all_pre: 2.58
2026-03-17 21:27:22,297 | INFO |     5. total_purchase_days_pre: 2.41
2026-03-17 21:27:22,297 | INFO |     6. preferred_store_ratio: 2.15
2026-03-17 21:27:22,297 | INFO |     7. purchases_per_week_last_1w: 1.97
2026-03-17 21:27:22,297 | INFO |     8. total_orders_pre: 1.88
2026-03-17 21:27:22,297 | INFO |     9. take_address_rate: 1.79
2026-03-17 21:27:22,298 | INFO |    10. avg_food_num: 1.70
2026-03-17 21:27:22,298 | INFO |    11. level: 1.69
2026-03-17 21:27:22,298 | INFO |    12. max_gap_between_purchases: 1.67
2026-03-17 21:27:22,298 | INFO |    13. std_inter_purchase_interval_days: 1.66
2026-03-17 21:27:22,298 | INFO |    14. mean_inter_purchase_interval_days: 1.62
2026-03-17 21:27:22,298 | INFO |    15. share_purchases_dow3: 1.59
2026-03-17 21:27:22,298 | INFO |    16. coupon_usage_rate: 1.58
2026-03-17 21:27:22,298 | INFO |    17. share_purchases_dow1: 1.57
2026-03-17 21:27:22,298 | INFO |    18. callphone: 1.57
2026-03-17 21:27:22,298 | INFO |    19. cv_inter_purchase_interval: 1.56
2026-03-17 21:27:22,298 | INFO |    20. longest_consecutive_streak_days: 1.56
2026-03-17 21:27:22,298 | INFO |    21. avg_discount_per_order: 1.51
2026-03-17 21:27:22,298 | INFO |    22. share_purchases_dow0: 1.51
2026-03-17 21:27:22,298 | INFO |    23. share_purchases_dow5: 1.51
2026-03-17 21:27:22,299 | INFO |    24. entropy_dow: 1.49
2026-03-17 21:27:22,299 | INFO |    25. share_weeks_with_purchase: 1.49
2026-03-17 21:27:22,299 | INFO |    26. modal_purchase_dow: 1.49
2026-03-17 21:27:22,299 | INFO |    27. share_purchases_dow4: 1.48
2026-03-17 21:27:22,299 | INFO |    28. coffee_share_orders: 1.48
2026-03-17 21:27:22,299 | INFO |    29. total_spend_pre: 1.47
2026-03-17 21:27:22,299 | INFO |    30. share_purchases_dow6: 1.45
2026-03-17 21:27:22,300 | INFO | 
Saved variable_importance_13.csv → /home/litao/Coffee/model-free/outputs/displacement_classification
2026-03-17 21:27:22,340 | INFO | 
================================================================================
2026-03-17 21:27:22,340 | INFO | Prediction Accuracy Table
2026-03-17 21:27:22,340 | INFO | ================================================================================
2026-03-17 21:27:22,344 | INFO |  accuracy  precision   recall       f1      fpr      fnr    n             group
 0.768707   0.648649 0.387097 0.484848 0.082019 0.612903  441 Treatment_Pre_t-1
 0.778580   0.705882 0.521739 0.600000 0.101500 0.478261 1662   Control_Pre_t-1
 0.761733   0.500000 0.522727 0.511111 0.163507 0.477273 1662 Control_During_t0
2026-03-17 21:27:22,344 | INFO | 
Saved prediction_accuracy_13.csv → /home/litao/Coffee/model-free/outputs/displacement_classification
2026-03-17 21:27:22,345 | INFO | 
Scoring full panel...
2026-03-17 21:27:22,436 | INFO | Saved scored panel (10,074 rows) → /home/litao/Coffee/model-free/outputs/displacement_classification/panel_with_scores_13.parquet
2026-03-17 21:27:22,549 | INFO | Saved score summary CSV → /home/litao/Coffee/model-free/outputs/displacement_classification/displacement_scores_13.csv
2026-03-17 21:27:23,349 | INFO | 
  Duration D=14: train n=26,547, eval_pre n=8,849, eval_during n=6,682
2026-03-17 21:27:23,382 | INFO | 
Saved model → /home/litao/Coffee/model-free/outputs/displacement_classification/displacement_model_14.json
2026-03-17 21:27:23,385 | INFO | 
================================================================================
2026-03-17 21:27:23,385 | INFO | Variable Importance Ranking (top 30)
2026-03-17 21:27:23,385 | INFO | ================================================================================
2026-03-17 21:27:23,385 | INFO |     1. purchases_per_week_last_4w: 65.22
2026-03-17 21:27:23,385 | INFO |     2. purchases_per_week_last_2w: 31.75
2026-03-17 21:27:23,385 | INFO |     3. total_purchase_days_pre: 23.67
2026-03-17 21:27:23,385 | INFO |     4. days_since_last_purchase: 7.15
2026-03-17 21:27:23,385 | INFO |     5. purchases_per_week_last_1w: 6.61
2026-03-17 21:27:23,385 | INFO |     6. total_spend_last_4w: 6.17
2026-03-17 21:27:23,385 | INFO |     7. preferred_store_ratio: 5.80
2026-03-17 21:27:23,385 | INFO |     8. purchases_per_week_all_pre: 5.10
2026-03-17 21:27:23,386 | INFO |     9. second_store_ratio: 4.05
2026-03-17 21:27:23,386 | INFO |    10. share_weeks_with_purchase: 3.98
2026-03-17 21:27:23,386 | INFO |    11. std_inter_purchase_interval_days: 3.61
2026-03-17 21:27:23,386 | INFO |    12. mean_inter_purchase_interval_days: 3.31
2026-03-17 21:27:23,386 | INFO |    13. max_gap_between_purchases: 3.29
2026-03-17 21:27:23,386 | INFO |    14. take_address_rate: 3.26
2026-03-17 21:27:23,386 | INFO |    15. coffee_share_orders: 3.15
2026-03-17 21:27:23,386 | INFO |    16. share_purchases_dow0: 3.10
2026-03-17 21:27:23,386 | INFO |    17. cv_inter_purchase_interval: 3.08
2026-03-17 21:27:23,386 | INFO |    18. coupon_usage_rate: 3.07
2026-03-17 21:27:23,386 | INFO |    19. total_orders_pre: 3.07
2026-03-17 21:27:23,386 | INFO |    20. entropy_dow: 3.04
2026-03-17 21:27:23,386 | INFO |    21. share_purchases_dow5: 3.02
2026-03-17 21:27:23,386 | INFO |    22. avg_coffee_num: 3.01
2026-03-17 21:27:23,386 | INFO |    23. share_purchases_dow4: 3.00
2026-03-17 21:27:23,387 | INFO |    24. total_spend_pre: 2.96
2026-03-17 21:27:23,387 | INFO |    25. n_order_categories_avg: 2.96
2026-03-17 21:27:23,387 | INFO |    26. avg_use_coffee_wallet: 2.96
2026-03-17 21:27:23,387 | INFO |    27. avg_discount_per_order: 2.95
2026-03-17 21:27:23,387 | INFO |    28. avg_food_num: 2.95
2026-03-17 21:27:23,387 | INFO |    29. share_purchases_dow6: 2.94
2026-03-17 21:27:23,387 | INFO |    30. share_purchases_dow2: 2.94
2026-03-17 21:27:23,388 | INFO | 
Saved variable_importance_14.csv → /home/litao/Coffee/model-free/outputs/displacement_classification
2026-03-17 21:27:23,436 | INFO | 
================================================================================
2026-03-17 21:27:23,436 | INFO | Prediction Accuracy Table
2026-03-17 21:27:23,436 | INFO | ================================================================================
2026-03-17 21:27:23,440 | INFO |  accuracy  precision   recall       f1      fpr      fnr    n             group
 0.784495   0.682327 0.484127 0.566388 0.092388 0.515873 2167 Treatment_Pre_t-1
 0.790332   0.598208 0.481370 0.533467 0.107214 0.518630 6682   Control_Pre_t-1
 0.784945   0.592622 0.443046 0.507033 0.101316 0.556954 6682 Control_During_t0
2026-03-17 21:27:23,441 | INFO | 
Saved prediction_accuracy_14.csv → /home/litao/Coffee/model-free/outputs/displacement_classification
2026-03-17 21:27:23,441 | INFO | 
Scoring full panel...
2026-03-17 21:27:23,692 | INFO | Saved scored panel (42,078 rows) → /home/litao/Coffee/model-free/outputs/displacement_classification/panel_with_scores_14.parquet
2026-03-17 21:27:23,873 | INFO | Saved score summary CSV → /home/litao/Coffee/model-free/outputs/displacement_classification/displacement_scores_14.csv
2026-03-17 21:27:24,558 | INFO | 
  Duration D=15: train n=3,345, eval_pre n=1,115, eval_during n=949
2026-03-17 21:27:24,583 | INFO | 
Saved model → /home/litao/Coffee/model-free/outputs/displacement_classification/displacement_model_15.json
2026-03-17 21:27:24,585 | INFO | 
================================================================================
2026-03-17 21:27:24,585 | INFO | Variable Importance Ranking (top 30)
2026-03-17 21:27:24,585 | INFO | ================================================================================
2026-03-17 21:27:24,585 | INFO |     1. purchases_per_week_last_2w: 7.29
2026-03-17 21:27:24,586 | INFO |     2. purchases_per_week_last_4w: 6.31
2026-03-17 21:27:24,586 | INFO |     3. total_purchase_days_pre: 5.92
2026-03-17 21:27:24,586 | INFO |     4. total_orders_pre: 3.71
2026-03-17 21:27:24,586 | INFO |     5. unique_stores_pre: 2.12
2026-03-17 21:27:24,586 | INFO |     6. preferred_store_ratio: 2.01
2026-03-17 21:27:24,586 | INFO |     7. days_since_last_purchase: 1.65
2026-03-17 21:27:24,586 | INFO |     8. take_address_rate: 1.60
2026-03-17 21:27:24,586 | INFO |     9. avg_food_num: 1.43
2026-03-17 21:27:24,586 | INFO |    10. avg_delivery_pay: 1.40
2026-03-17 21:27:24,586 | INFO |    11. avg_discount_per_order: 1.34
2026-03-17 21:27:24,586 | INFO |    12. longest_consecutive_streak_days: 1.33
2026-03-17 21:27:24,586 | INFO |    13. avg_use_coffee_wallet: 1.30
2026-03-17 21:27:24,587 | INFO |    14. second_store_ratio: 1.29
2026-03-17 21:27:24,587 | INFO |    15. mean_inter_purchase_interval_days: 1.27
2026-03-17 21:27:24,587 | INFO |    16. entropy_dow: 1.24
2026-03-17 21:27:24,587 | INFO |    17. share_purchases_dow4: 1.23
2026-03-17 21:27:24,587 | INFO |    18. avg_coffee_num: 1.23
2026-03-17 21:27:24,587 | INFO |    19. coupon_usage_rate: 1.21
2026-03-17 21:27:24,587 | INFO |    20. cv_inter_purchase_interval: 1.20
2026-03-17 21:27:24,587 | INFO |    21. share_purchases_dow2: 1.17
2026-03-17 21:27:24,587 | INFO |    22. modal_purchase_dow: 1.14
2026-03-17 21:27:24,587 | INFO |    23. coffee_share_orders: 1.14
2026-03-17 21:27:24,587 | INFO |    24. max_gap_between_purchases: 1.14
2026-03-17 21:27:24,588 | INFO |    25. purchases_per_week_all_pre: 1.14
2026-03-17 21:27:24,588 | INFO |    26. share_purchases_dow3: 1.13
2026-03-17 21:27:24,588 | INFO |    27. total_spend_pre: 1.13
2026-03-17 21:27:24,588 | INFO |    28. purchases_per_week_last_1w: 1.12
2026-03-17 21:27:24,588 | INFO |    29. manufacturer: 1.10
2026-03-17 21:27:24,588 | INFO |    30. total_spend_last_4w: 1.08
2026-03-17 21:27:24,589 | INFO | 
Saved variable_importance_15.csv → /home/litao/Coffee/model-free/outputs/displacement_classification
2026-03-17 21:27:24,655 | INFO | 
================================================================================
2026-03-17 21:27:24,655 | INFO | Prediction Accuracy Table
2026-03-17 21:27:24,655 | INFO | ================================================================================
2026-03-17 21:27:24,659 | INFO |  accuracy  precision   recall       f1      fpr      fnr   n             group
 0.753012   0.716981 0.593750 0.649573 0.147059 0.406250 166 Treatment_Pre_t-1
 0.693361   0.733333 0.474820 0.576419 0.135338 0.525180 949   Control_Pre_t-1
 0.718651   0.639216 0.482249 0.549747 0.150573 0.517751 949 Control_During_t0
2026-03-17 21:27:24,660 | INFO | 
Saved prediction_accuracy_15.csv → /home/litao/Coffee/model-free/outputs/displacement_classification
2026-03-17 21:27:24,660 | INFO | 
Scoring full panel...
2026-03-17 21:27:24,704 | INFO | Saved scored panel (5,409 rows) → /home/litao/Coffee/model-free/outputs/displacement_classification/panel_with_scores_15.parquet
2026-03-17 21:27:24,754 | INFO | Saved score summary CSV → /home/litao/Coffee/model-free/outputs/displacement_classification/displacement_scores_15.csv
2026-03-17 21:27:25,492 | INFO | 
  Duration D=16: train n=8,160, eval_pre n=2,720, eval_during n=2,416
2026-03-17 21:27:25,518 | INFO | 
Saved model → /home/litao/Coffee/model-free/outputs/displacement_classification/displacement_model_16.json
2026-03-17 21:27:25,520 | INFO | 
================================================================================
2026-03-17 21:27:25,520 | INFO | Variable Importance Ranking (top 30)
2026-03-17 21:27:25,521 | INFO | ================================================================================
2026-03-17 21:27:25,521 | INFO |     1. purchases_per_week_last_2w: 15.90
2026-03-17 21:27:25,521 | INFO |     2. purchases_per_week_last_4w: 12.49
2026-03-17 21:27:25,521 | INFO |     3. days_since_last_purchase: 5.51
2026-03-17 21:27:25,521 | INFO |     4. total_purchase_days_pre: 5.14
2026-03-17 21:27:25,521 | INFO |     5. purchases_per_week_last_1w: 4.13
2026-03-17 21:27:25,521 | INFO |     6. preferred_store_ratio: 2.74
2026-03-17 21:27:25,521 | INFO |     7. purchases_per_week_all_pre: 2.47
2026-03-17 21:27:25,521 | INFO |     8. std_inter_purchase_interval_days: 2.42
2026-03-17 21:27:25,521 | INFO |     9. take_address_rate: 2.26
2026-03-17 21:27:25,521 | INFO |    10. total_orders_pre: 2.21
2026-03-17 21:27:25,522 | INFO |    11. total_spend_pre: 2.14
2026-03-17 21:27:25,522 | INFO |    12. avg_food_num: 2.03
2026-03-17 21:27:25,522 | INFO |    13. second_store_ratio: 2.02
2026-03-17 21:27:25,522 | INFO |    14. avg_use_coffee_wallet: 2.01
2026-03-17 21:27:25,522 | INFO |    15. share_purchases_dow6: 1.94
2026-03-17 21:27:25,522 | INFO |    16. share_purchases_dow5: 1.92
2026-03-17 21:27:25,522 | INFO |    17. share_weeks_with_purchase: 1.90
2026-03-17 21:27:25,522 | INFO |    18. avg_delivery_pay: 1.90
2026-03-17 21:27:25,522 | INFO |    19. entropy_dow: 1.89
2026-03-17 21:27:25,522 | INFO |    20. coffee_share_orders: 1.85
2026-03-17 21:27:25,522 | INFO |    21. mean_inter_purchase_interval_days: 1.85
2026-03-17 21:27:25,522 | INFO |    22. longest_consecutive_streak_days: 1.84
2026-03-17 21:27:25,522 | INFO |    23. share_purchases_dow0: 1.84
2026-03-17 21:27:25,522 | INFO |    24. share_purchases_dow4: 1.80
2026-03-17 21:27:25,522 | INFO |    25. share_purchases_dow2: 1.79
2026-03-17 21:27:25,523 | INFO |    26. total_spend_last_4w: 1.78
2026-03-17 21:27:25,523 | INFO |    27. share_purchases_dow3: 1.78
2026-03-17 21:27:25,523 | INFO |    28. cv_inter_purchase_interval: 1.78
2026-03-17 21:27:25,523 | INFO |    29. n_order_categories_avg: 1.73
2026-03-17 21:27:25,523 | INFO |    30. share_purchases_dow1: 1.72
2026-03-17 21:27:25,524 | INFO | 
Saved variable_importance_16.csv → /home/litao/Coffee/model-free/outputs/displacement_classification
2026-03-17 21:27:25,570 | INFO | 
================================================================================
2026-03-17 21:27:25,570 | INFO | Prediction Accuracy Table
2026-03-17 21:27:25,570 | INFO | ================================================================================
2026-03-17 21:27:25,573 | INFO |  accuracy  precision   recall       f1      fpr      fnr    n             group
 0.746711   0.309859 0.440000 0.363636 0.192913 0.560000  304 Treatment_Pre_t-1
 0.775248   0.662080 0.573510 0.614620 0.133052 0.426490 2416   Control_Pre_t-1
 0.757864   0.605067 0.559229 0.581246 0.156805 0.440771 2416 Control_During_t0
2026-03-17 21:27:25,574 | INFO | 
Saved prediction_accuracy_16.csv → /home/litao/Coffee/model-free/outputs/displacement_classification
2026-03-17 21:27:25,574 | INFO | 
Scoring full panel...
2026-03-17 21:27:25,725 | INFO | Saved scored panel (13,296 rows) → /home/litao/Coffee/model-free/outputs/displacement_classification/panel_with_scores_16.parquet
2026-03-17 21:27:25,847 | INFO | Saved score summary CSV → /home/litao/Coffee/model-free/outputs/displacement_classification/displacement_scores_16.csv
2026-03-17 21:27:26,595 | INFO | 
  Duration D=17: train n=12,216, eval_pre n=4,072, eval_during n=3,547
2026-03-17 21:27:26,627 | INFO | 
Saved model → /home/litao/Coffee/model-free/outputs/displacement_classification/displacement_model_17.json
2026-03-17 21:27:26,630 | INFO | 
================================================================================
2026-03-17 21:27:26,630 | INFO | Variable Importance Ranking (top 30)
2026-03-17 21:27:26,630 | INFO | ================================================================================
2026-03-17 21:27:26,631 | INFO |     1. purchases_per_week_last_4w: 15.85
2026-03-17 21:27:26,631 | INFO |     2. purchases_per_week_last_2w: 11.37
2026-03-17 21:27:26,631 | INFO |     3. total_purchase_days_pre: 10.84
2026-03-17 21:27:26,631 | INFO |     4. days_since_last_purchase: 9.43
2026-03-17 21:27:26,631 | INFO |     5. purchases_per_week_last_1w: 3.65
2026-03-17 21:27:26,631 | INFO |     6. preferred_store_ratio: 3.26
2026-03-17 21:27:26,631 | INFO |     7. std_inter_purchase_interval_days: 2.71
2026-03-17 21:27:26,631 | INFO |     8. take_address_rate: 2.65
2026-03-17 21:27:26,631 | INFO |     9. total_orders_pre: 2.58
2026-03-17 21:27:26,631 | INFO |    10. total_spend_pre: 2.50
2026-03-17 21:27:26,631 | INFO |    11. second_store_ratio: 2.44
2026-03-17 21:27:26,631 | INFO |    12. cv_inter_purchase_interval: 2.44
2026-03-17 21:27:26,632 | INFO |    13. max_gap_between_purchases: 2.42
2026-03-17 21:27:26,632 | INFO |    14. modal_purchase_dow: 2.40
2026-03-17 21:27:26,632 | INFO |    15. avg_coffee_num: 2.36
2026-03-17 21:27:26,632 | INFO |    16. share_purchases_dow2: 2.35
2026-03-17 21:27:26,632 | INFO |    17. avg_food_num: 2.35
2026-03-17 21:27:26,632 | INFO |    18. coffee_share_orders: 2.34
2026-03-17 21:27:26,632 | INFO |    19. entropy_dow: 2.34
2026-03-17 21:27:26,632 | INFO |    20. longest_consecutive_streak_days: 2.33
2026-03-17 21:27:26,632 | INFO |    21. level: 2.32
2026-03-17 21:27:26,632 | INFO |    22. share_purchases_dow0: 2.29
2026-03-17 21:27:26,632 | INFO |    23. share_weeks_with_purchase: 2.28
2026-03-17 21:27:26,632 | INFO |    24. mean_inter_purchase_interval_days: 2.27
2026-03-17 21:27:26,632 | INFO |    25. share_purchases_dow6: 2.27
2026-03-17 21:27:26,632 | INFO |    26. avg_delivery_pay: 2.26
2026-03-17 21:27:26,632 | INFO |    27. share_purchases_dow4: 2.26
2026-03-17 21:27:26,633 | INFO |    28. total_spend_last_4w: 2.22
2026-03-17 21:27:26,633 | INFO |    29. avg_use_coffee_wallet: 2.21
2026-03-17 21:27:26,633 | INFO |    30. purchases_per_week_all_pre: 2.19
2026-03-17 21:27:26,633 | INFO | 
Saved variable_importance_17.csv → /home/litao/Coffee/model-free/outputs/displacement_classification
2026-03-17 21:27:26,692 | INFO | 
================================================================================
2026-03-17 21:27:26,692 | INFO | Prediction Accuracy Table
2026-03-17 21:27:26,692 | INFO | ================================================================================
2026-03-17 21:27:26,695 | INFO |  accuracy  precision   recall       f1      fpr      fnr    n             group
 0.801905   0.627737 0.618705 0.623188 0.132124 0.381295  525 Treatment_Pre_t-1
 0.737525   0.635246 0.614592 0.624748 0.194663 0.385408 3547   Control_Pre_t-1
 0.735833   0.571429 0.620379 0.594898 0.211649 0.379621 3547 Control_During_t0
2026-03-17 21:27:26,696 | INFO | 
Saved prediction_accuracy_17.csv → /home/litao/Coffee/model-free/outputs/displacement_classification
2026-03-17 21:27:26,696 | INFO | 
Scoring full panel...
2026-03-17 21:27:26,838 | INFO | Saved scored panel (19,835 rows) → /home/litao/Coffee/model-free/outputs/displacement_classification/panel_with_scores_17.parquet
2026-03-17 21:27:26,962 | INFO | Saved score summary CSV → /home/litao/Coffee/model-free/outputs/displacement_classification/displacement_scores_17.csv
2026-03-17 21:27:27,704 | INFO | 
  Duration D=18: train n=11,385, eval_pre n=3,795, eval_during n=3,176
2026-03-17 21:27:27,738 | INFO | 
Saved model → /home/litao/Coffee/model-free/outputs/displacement_classification/displacement_model_18.json
2026-03-17 21:27:27,741 | INFO | 
================================================================================
2026-03-17 21:27:27,741 | INFO | Variable Importance Ranking (top 30)
2026-03-17 21:27:27,741 | INFO | ================================================================================
2026-03-17 21:27:27,741 | INFO |     1. purchases_per_week_last_2w: 15.25
2026-03-17 21:27:27,741 | INFO |     2. total_purchase_days_pre: 11.17
2026-03-17 21:27:27,741 | INFO |     3. purchases_per_week_last_4w: 10.29
2026-03-17 21:27:27,741 | INFO |     4. days_since_last_purchase: 7.04
2026-03-17 21:27:27,742 | INFO |     5. preferred_store_ratio: 3.81
2026-03-17 21:27:27,742 | INFO |     6. total_spend_last_4w: 3.52
2026-03-17 21:27:27,742 | INFO |     7. std_inter_purchase_interval_days: 2.89
2026-03-17 21:27:27,742 | INFO |     8. take_address_rate: 2.71
2026-03-17 21:27:27,742 | INFO |     9. share_weeks_with_purchase: 2.62
2026-03-17 21:27:27,742 | INFO |    10. purchases_per_week_all_pre: 2.60
2026-03-17 21:27:27,742 | INFO |    11. second_store_ratio: 2.47
2026-03-17 21:27:27,742 | INFO |    12. mean_inter_purchase_interval_days: 2.44
2026-03-17 21:27:27,742 | INFO |    13. total_orders_pre: 2.39
2026-03-17 21:27:27,742 | INFO |    14. share_purchases_dow6: 2.36
2026-03-17 21:27:27,742 | INFO |    15. coffee_share_orders: 2.33
2026-03-17 21:27:27,742 | INFO |    16. avg_delivery_pay: 2.29
2026-03-17 21:27:27,742 | INFO |    17. share_purchases_dow0: 2.26
2026-03-17 21:27:27,743 | INFO |    18. manufacturer: 2.26
2026-03-17 21:27:27,743 | INFO |    19. avg_food_num: 2.26
2026-03-17 21:27:27,743 | INFO |    20. total_spend_pre: 2.25
2026-03-17 21:27:27,743 | INFO |    21. avg_coffee_num: 2.24
2026-03-17 21:27:27,743 | INFO |    22. max_gap_between_purchases: 2.23
2026-03-17 21:27:27,743 | INFO |    23. avg_use_coffee_wallet: 2.22
2026-03-17 21:27:27,743 | INFO |    24. avg_basket_size: 2.17
2026-03-17 21:27:27,743 | INFO |    25. callphone: 2.17
2026-03-17 21:27:27,743 | INFO |    26. share_purchases_dow1: 2.15
2026-03-17 21:27:27,743 | INFO |    27. share_purchases_dow3: 2.12
2026-03-17 21:27:27,743 | INFO |    28. unique_stores_pre: 2.11
2026-03-17 21:27:27,743 | INFO |    29. n_order_categories_avg: 2.10
2026-03-17 21:27:27,743 | INFO |    30. coupon_usage_rate: 2.09
2026-03-17 21:27:27,744 | INFO | 
Saved variable_importance_18.csv → /home/litao/Coffee/model-free/outputs/displacement_classification
2026-03-17 21:27:27,785 | INFO | 
================================================================================
2026-03-17 21:27:27,785 | INFO | Prediction Accuracy Table
2026-03-17 21:27:27,785 | INFO | ================================================================================
2026-03-17 21:27:27,788 | INFO |  accuracy  precision   recall       f1      fpr      fnr    n             group
 0.765751   0.566265 0.562874 0.564565 0.159292 0.437126  619 Treatment_Pre_t-1
 0.782431   0.562035 0.572693 0.567314 0.148008 0.427307 3176   Control_Pre_t-1
 0.772985   0.494024 0.522472 0.507850 0.154627 0.477528 3176 Control_During_t0
2026-03-17 21:27:27,789 | INFO | 
Saved prediction_accuracy_18.csv → /home/litao/Coffee/model-free/outputs/displacement_classification
2026-03-17 21:27:27,789 | INFO | 
Scoring full panel...
2026-03-17 21:27:27,901 | INFO | Saved scored panel (18,356 rows) → /home/litao/Coffee/model-free/outputs/displacement_classification/panel_with_scores_18.parquet
2026-03-17 21:27:28,034 | INFO | Saved score summary CSV → /home/litao/Coffee/model-free/outputs/displacement_classification/displacement_scores_18.csv
2026-03-17 21:27:28,679 | INFO | 
  Duration D=23: train n=2,718, eval_pre n=906, eval_during n=758
2026-03-17 21:27:28,702 | INFO | 
Saved model → /home/litao/Coffee/model-free/outputs/displacement_classification/displacement_model_23.json
2026-03-17 21:27:28,704 | INFO | 
================================================================================
2026-03-17 21:27:28,705 | INFO | Variable Importance Ranking (top 30)
2026-03-17 21:27:28,705 | INFO | ================================================================================
2026-03-17 21:27:28,705 | INFO |     1. purchases_per_week_last_4w: 4.91
2026-03-17 21:27:28,705 | INFO |     2. total_spend_last_4w: 2.98
2026-03-17 21:27:28,705 | INFO |     3. total_purchase_days_pre: 2.74
2026-03-17 21:27:28,705 | INFO |     4. preferred_store_ratio: 1.87
2026-03-17 21:27:28,705 | INFO |     5. total_spend_last_2w: 1.77
2026-03-17 21:27:28,705 | INFO |     6. days_since_last_purchase: 1.47
2026-03-17 21:27:28,705 | INFO |     7. purchases_per_week_all_pre: 1.36
2026-03-17 21:27:28,706 | INFO |     8. longest_consecutive_streak_days: 1.32
2026-03-17 21:27:28,706 | INFO |     9. max_gap_between_purchases: 1.29
2026-03-17 21:27:28,706 | INFO |    10. mean_inter_purchase_interval_days: 1.19
2026-03-17 21:27:28,706 | INFO |    11. entropy_dow: 1.16
2026-03-17 21:27:28,706 | INFO |    12. second_store_ratio: 1.14
2026-03-17 21:27:28,706 | INFO |    13. share_weeks_with_purchase: 1.14
2026-03-17 21:27:28,706 | INFO |    14. share_purchases_dow4: 1.13
2026-03-17 21:27:28,706 | INFO |    15. cv_inter_purchase_interval: 1.12
2026-03-17 21:27:28,706 | INFO |    16. share_purchases_dow2: 1.09
2026-03-17 21:27:28,706 | INFO |    17. avg_coffee_num: 1.08
2026-03-17 21:27:28,706 | INFO |    18. avg_food_num: 1.08
2026-03-17 21:27:28,707 | INFO |    19. avg_discount_per_order: 1.07
2026-03-17 21:27:28,707 | INFO |    20. avg_basket_size: 1.06
2026-03-17 21:27:28,707 | INFO |    21. avg_use_coffee_wallet: 1.06
2026-03-17 21:27:28,707 | INFO |    22. coffee_share_orders: 1.06
2026-03-17 21:27:28,707 | INFO |    23. coupon_usage_rate: 1.04
2026-03-17 21:27:28,707 | INFO |    24. total_orders_pre: 1.03
2026-03-17 21:27:28,707 | INFO |    25. share_purchases_dow6: 1.03
2026-03-17 21:27:28,707 | INFO |    26. std_inter_purchase_interval_days: 1.02
2026-03-17 21:27:28,707 | INFO |    27. share_purchases_dow0: 1.02
2026-03-17 21:27:28,707 | INFO |    28. total_spend_pre: 1.02
2026-03-17 21:27:28,707 | INFO |    29. n_order_categories_avg: 1.01
2026-03-17 21:27:28,708 | INFO |    30. modal_purchase_dow: 0.99
2026-03-17 21:27:28,708 | INFO | 
Saved variable_importance_23.csv → /home/litao/Coffee/model-free/outputs/displacement_classification
2026-03-17 21:27:28,745 | INFO | 
================================================================================
2026-03-17 21:27:28,745 | INFO | Prediction Accuracy Table
2026-03-17 21:27:28,745 | INFO | ================================================================================
2026-03-17 21:27:28,754 | INFO |  accuracy  precision   recall       f1      fpr      fnr   n             group
 0.709459   0.754717 0.571429 0.650407 0.166667 0.428571 148 Treatment_Pre_t-1
 0.684697   0.604905 0.702532 0.650073 0.328054 0.297468 758   Control_Pre_t-1
 0.635884   0.461353 0.782787 0.580547 0.433852 0.217213 758 Control_During_t0
2026-03-17 21:27:28,756 | INFO | 
Saved prediction_accuracy_23.csv → /home/litao/Coffee/model-free/outputs/displacement_classification
2026-03-17 21:27:28,756 | INFO | 
Scoring full panel...
2026-03-17 21:27:28,809 | INFO | Saved scored panel (4,382 rows) → /home/litao/Coffee/model-free/outputs/displacement_classification/panel_with_scores_23.parquet
2026-03-17 21:27:28,855 | INFO | Saved score summary CSV → /home/litao/Coffee/model-free/outputs/displacement_classification/displacement_scores_23.csv
2026-03-17 21:27:29,602 | INFO | 
  Duration D=25: train n=7,203, eval_pre n=2,401, eval_during n=2,149
2026-03-17 21:27:29,631 | INFO | 
Saved model → /home/litao/Coffee/model-free/outputs/displacement_classification/displacement_model_25.json
2026-03-17 21:27:29,634 | INFO | 
================================================================================
2026-03-17 21:27:29,634 | INFO | Variable Importance Ranking (top 30)
2026-03-17 21:27:29,634 | INFO | ================================================================================
2026-03-17 21:27:29,634 | INFO |     1. purchases_per_week_last_4w: 14.66
2026-03-17 21:27:29,634 | INFO |     2. days_since_last_purchase: 5.64
2026-03-17 21:27:29,635 | INFO |     3. purchases_per_week_last_2w: 4.70
2026-03-17 21:27:29,635 | INFO |     4. total_purchase_days_pre: 4.26
2026-03-17 21:27:29,635 | INFO |     5. purchases_per_week_all_pre: 2.53
2026-03-17 21:27:29,635 | INFO |     6. preferred_store_ratio: 2.22
2026-03-17 21:27:29,635 | INFO |     7. second_store_ratio: 2.13
2026-03-17 21:27:29,635 | INFO |     8. longest_consecutive_streak_days: 2.11
2026-03-17 21:27:29,635 | INFO |     9. mean_inter_purchase_interval_days: 2.07
2026-03-17 21:27:29,635 | INFO |    10. total_spend_pre: 1.96
2026-03-17 21:27:29,635 | INFO |    11. purchases_per_week_last_1w: 1.93
2026-03-17 21:27:29,635 | INFO |    12. std_inter_purchase_interval_days: 1.92
2026-03-17 21:27:29,635 | INFO |    13. total_orders_pre: 1.91
2026-03-17 21:27:29,635 | INFO |    14. share_purchases_dow0: 1.91
2026-03-17 21:27:29,635 | INFO |    15. share_purchases_dow2: 1.86
2026-03-17 21:27:29,635 | INFO |    16. avg_use_coffee_wallet: 1.84
2026-03-17 21:27:29,636 | INFO |    17. n_order_categories_avg: 1.77
2026-03-17 21:27:29,636 | INFO |    18. max_gap_between_purchases: 1.75
2026-03-17 21:27:29,636 | INFO |    19. total_spend_last_4w: 1.74
2026-03-17 21:27:29,636 | INFO |    20. share_purchases_dow3: 1.70
2026-03-17 21:27:29,636 | INFO |    21. share_purchases_dow1: 1.69
2026-03-17 21:27:29,636 | INFO |    22. avg_basket_size: 1.68
2026-03-17 21:27:29,636 | INFO |    23. share_weeks_with_purchase: 1.67
2026-03-17 21:27:29,636 | INFO |    24. share_purchases_dow4: 1.67
2026-03-17 21:27:29,636 | INFO |    25. take_address_rate: 1.67
2026-03-17 21:27:29,636 | INFO |    26. entropy_dow: 1.66
2026-03-17 21:27:29,636 | INFO |    27. avg_coffee_num: 1.66
2026-03-17 21:27:29,636 | INFO |    28. avg_delivery_pay: 1.64
2026-03-17 21:27:29,636 | INFO |    29. coffee_share_orders: 1.64
2026-03-17 21:27:29,636 | INFO |    30. share_purchases_dow6: 1.63
2026-03-17 21:27:29,637 | INFO | 
Saved variable_importance_25.csv → /home/litao/Coffee/model-free/outputs/displacement_classification
2026-03-17 21:27:29,683 | INFO | 
================================================================================
2026-03-17 21:27:29,683 | INFO | Prediction Accuracy Table
2026-03-17 21:27:29,683 | INFO | ================================================================================
2026-03-17 21:27:29,686 | INFO |  accuracy  precision   recall       f1      fpr      fnr    n             group
 0.710317   0.680672 0.698276 0.689362 0.279412 0.301724  252 Treatment_Pre_t-1
 0.724988   0.658508 0.654693 0.656595 0.227838 0.345307 2149   Control_Pre_t-1
 0.687296   0.485043 0.704969 0.574684 0.320266 0.295031 2149 Control_During_t0
2026-03-17 21:27:29,687 | INFO | 
Saved prediction_accuracy_25.csv → /home/litao/Coffee/model-free/outputs/displacement_classification
2026-03-17 21:27:29,687 | INFO | 
Scoring full panel...
2026-03-17 21:27:29,788 | INFO | Saved scored panel (11,753 rows) → /home/litao/Coffee/model-free/outputs/displacement_classification/panel_with_scores_25.parquet
2026-03-17 21:27:29,899 | INFO | Saved score summary CSV → /home/litao/Coffee/model-free/outputs/displacement_classification/displacement_scores_25.csv
2026-03-17 21:27:30,688 | INFO | 
  Duration D=26: train n=20,472, eval_pre n=6,824, eval_during n=6,219
2026-03-17 21:27:30,716 | INFO | 
Saved model → /home/litao/Coffee/model-free/outputs/displacement_classification/displacement_model_26.json
2026-03-17 21:27:30,718 | INFO | 
================================================================================
2026-03-17 21:27:30,718 | INFO | Variable Importance Ranking (top 30)
2026-03-17 21:27:30,718 | INFO | ================================================================================
2026-03-17 21:27:30,718 | INFO |     1. purchases_per_week_last_4w: 27.49
2026-03-17 21:27:30,718 | INFO |     2. days_since_last_purchase: 13.22
2026-03-17 21:27:30,718 | INFO |     3. total_purchase_days_pre: 12.05
2026-03-17 21:27:30,719 | INFO |     4. purchases_per_week_last_2w: 8.57
2026-03-17 21:27:30,719 | INFO |     5. preferred_store_ratio: 4.79
2026-03-17 21:27:30,719 | INFO |     6. purchases_per_week_last_1w: 4.47
2026-03-17 21:27:30,719 | INFO |     7. purchases_per_week_all_pre: 4.41
2026-03-17 21:27:30,719 | INFO |     8. total_orders_pre: 4.19
2026-03-17 21:27:30,719 | INFO |     9. std_inter_purchase_interval_days: 3.59
2026-03-17 21:27:30,719 | INFO |    10. second_store_ratio: 3.40
2026-03-17 21:27:30,719 | INFO |    11. share_weeks_with_purchase: 3.39
2026-03-17 21:27:30,719 | INFO |    12. coffee_share_orders: 3.30
2026-03-17 21:27:30,719 | INFO |    13. share_purchases_dow2: 2.99
2026-03-17 21:27:30,719 | INFO |    14. cv_inter_purchase_interval: 2.98
2026-03-17 21:27:30,719 | INFO |    15. take_address_rate: 2.98
2026-03-17 21:27:30,719 | INFO |    16. unique_stores_pre: 2.95
2026-03-17 21:27:30,719 | INFO |    17. total_spend_pre: 2.93
2026-03-17 21:27:30,720 | INFO |    18. avg_use_coffee_wallet: 2.92
2026-03-17 21:27:30,720 | INFO |    19. mean_inter_purchase_interval_days: 2.91
2026-03-17 21:27:30,720 | INFO |    20. max_gap_between_purchases: 2.90
2026-03-17 21:27:30,720 | INFO |    21. share_purchases_dow0: 2.90
2026-03-17 21:27:30,720 | INFO |    22. share_purchases_dow4: 2.90
2026-03-17 21:27:30,720 | INFO |    23. share_purchases_dow5: 2.85
2026-03-17 21:27:30,720 | INFO |    24. entropy_dow: 2.85
2026-03-17 21:27:30,720 | INFO |    25. share_purchases_dow1: 2.80
2026-03-17 21:27:30,720 | INFO |    26. share_purchases_dow6: 2.78
2026-03-17 21:27:30,720 | INFO |    27. avg_coffee_num: 2.77
2026-03-17 21:27:30,720 | INFO |    28. avg_food_num: 2.74
2026-03-17 21:27:30,720 | INFO |    29. share_purchases_dow3: 2.72
2026-03-17 21:27:30,720 | INFO |    30. longest_consecutive_streak_days: 2.70
2026-03-17 21:27:30,721 | INFO | 
Saved variable_importance_26.csv → /home/litao/Coffee/model-free/outputs/displacement_classification
2026-03-17 21:27:30,772 | INFO | 
================================================================================
2026-03-17 21:27:30,772 | INFO | Prediction Accuracy Table
2026-03-17 21:27:30,772 | INFO | ================================================================================
2026-03-17 21:27:30,776 | INFO |  accuracy  precision   recall       f1      fpr      fnr    n             group
 0.717355   0.695312 0.656827 0.675522 0.233533 0.343173  605 Treatment_Pre_t-1
 0.728574   0.687845 0.660227 0.673753 0.221011 0.339773 6219   Control_Pre_t-1
 0.693037   0.483482 0.682018 0.565840 0.302389 0.317982 6219 Control_During_t0
2026-03-17 21:27:30,776 | INFO | 
Saved prediction_accuracy_26.csv → /home/litao/Coffee/model-free/outputs/displacement_classification
2026-03-17 21:27:30,777 | INFO | 
Scoring full panel...
2026-03-17 21:27:30,927 | INFO | Saved scored panel (33,515 rows) → /home/litao/Coffee/model-free/outputs/displacement_classification/panel_with_scores_26.parquet
2026-03-17 21:27:31,096 | INFO | Saved score summary CSV → /home/litao/Coffee/model-free/outputs/displacement_classification/displacement_scores_26.csv
2026-03-17 21:27:31,830 | INFO | 
  Duration D=28: train n=9,285, eval_pre n=3,095, eval_during n=1,891
2026-03-17 21:27:31,860 | INFO | 
Saved model → /home/litao/Coffee/model-free/outputs/displacement_classification/displacement_model_28.json
2026-03-17 21:27:31,863 | INFO | 
================================================================================
2026-03-17 21:27:31,863 | INFO | Variable Importance Ranking (top 30)
2026-03-17 21:27:31,863 | INFO | ================================================================================
2026-03-17 21:27:31,863 | INFO |     1. purchases_per_week_last_4w: 16.25
2026-03-17 21:27:31,863 | INFO |     2. purchases_per_week_last_2w: 7.46
2026-03-17 21:27:31,863 | INFO |     3. days_since_last_purchase: 7.34
2026-03-17 21:27:31,863 | INFO |     4. total_purchase_days_pre: 5.32
2026-03-17 21:27:31,863 | INFO |     5. std_inter_purchase_interval_days: 2.86
2026-03-17 21:27:31,863 | INFO |     6. preferred_store_ratio: 2.75
2026-03-17 21:27:31,864 | INFO |     7. total_orders_pre: 2.61
2026-03-17 21:27:31,864 | INFO |     8. purchases_per_week_all_pre: 2.40
2026-03-17 21:27:31,864 | INFO |     9. share_weeks_with_purchase: 2.27
2026-03-17 21:27:31,864 | INFO |    10. second_store_ratio: 2.27
2026-03-17 21:27:31,864 | INFO |    11. avg_basket_size: 2.13
2026-03-17 21:27:31,864 | INFO |    12. longest_consecutive_streak_days: 2.12
2026-03-17 21:27:31,864 | INFO |    13. total_spend_pre: 2.11
2026-03-17 21:27:31,864 | INFO |    14. purchases_per_week_last_1w: 2.08
2026-03-17 21:27:31,864 | INFO |    15. coffee_share_orders: 2.07
2026-03-17 21:27:31,864 | INFO |    16. level: 2.05
2026-03-17 21:27:31,864 | INFO |    17. take_address_rate: 2.05
2026-03-17 21:27:31,864 | INFO |    18. avg_delivery_pay: 2.04
2026-03-17 21:27:31,864 | INFO |    19. share_purchases_dow6: 2.02
2026-03-17 21:27:31,864 | INFO |    20. max_gap_between_purchases: 2.01
2026-03-17 21:27:31,865 | INFO |    21. n_order_categories_avg: 2.00
2026-03-17 21:27:31,865 | INFO |    22. entropy_dow: 1.99
2026-03-17 21:27:31,865 | INFO |    23. avg_use_coffee_wallet: 1.97
2026-03-17 21:27:31,865 | INFO |    24. share_purchases_dow3: 1.97
2026-03-17 21:27:31,865 | INFO |    25. share_purchases_dow4: 1.96
2026-03-17 21:27:31,865 | INFO |    26. share_purchases_dow2: 1.95
2026-03-17 21:27:31,865 | INFO |    27. share_purchases_dow5: 1.93
2026-03-17 21:27:31,865 | INFO |    28. avg_coffee_num: 1.91
2026-03-17 21:27:31,865 | INFO |    29. avg_discount_per_order: 1.91
2026-03-17 21:27:31,865 | INFO |    30. cv_inter_purchase_interval: 1.90
2026-03-17 21:27:31,866 | INFO | 
Saved variable_importance_28.csv → /home/litao/Coffee/model-free/outputs/displacement_classification
2026-03-17 21:27:31,905 | INFO | 
================================================================================
2026-03-17 21:27:31,905 | INFO | Prediction Accuracy Table
2026-03-17 21:27:31,905 | INFO | ================================================================================
2026-03-17 21:27:31,908 | INFO |  accuracy  precision   recall       f1      fpr      fnr    n             group
 0.740033   0.744718 0.715736 0.729940 0.236542 0.284264 1204 Treatment_Pre_t-1
 0.736118   0.723798 0.680974 0.701733 0.217687 0.319026 1891   Control_Pre_t-1
 0.710735   0.563805 0.739726 0.639895 0.304700 0.260274 1891 Control_During_t0
2026-03-17 21:27:31,909 | INFO | 
Saved prediction_accuracy_28.csv → /home/litao/Coffee/model-free/outputs/displacement_classification
2026-03-17 21:27:31,909 | INFO | 
Scoring full panel...
2026-03-17 21:27:32,003 | INFO | Saved scored panel (14,271 rows) → /home/litao/Coffee/model-free/outputs/displacement_classification/panel_with_scores_28.parquet
2026-03-17 21:27:32,125 | INFO | Saved score summary CSV → /home/litao/Coffee/model-free/outputs/displacement_classification/displacement_scores_28.csv
2026-03-17 21:27:32,822 | INFO | 
  Duration D=29: train n=5,067, eval_pre n=1,689, eval_during n=974
2026-03-17 21:27:32,847 | INFO | 
Saved model → /home/litao/Coffee/model-free/outputs/displacement_classification/displacement_model_29.json
2026-03-17 21:27:32,850 | INFO | 
================================================================================
2026-03-17 21:27:32,850 | INFO | Variable Importance Ranking (top 30)
2026-03-17 21:27:32,850 | INFO | ================================================================================
2026-03-17 21:27:32,851 | INFO |     1. purchases_per_week_last_4w: 10.45
2026-03-17 21:27:32,851 | INFO |     2. purchases_per_week_last_2w: 5.54
2026-03-17 21:27:32,851 | INFO |     3. days_since_last_purchase: 3.93
2026-03-17 21:27:32,851 | INFO |     4. purchases_per_week_last_1w: 2.40
2026-03-17 21:27:32,851 | INFO |     5. purchases_per_week_all_pre: 2.24
2026-03-17 21:27:32,851 | INFO |     6. preferred_store_ratio: 2.23
2026-03-17 21:27:32,851 | INFO |     7. unique_stores_pre: 2.15
2026-03-17 21:27:32,851 | INFO |     8. std_inter_purchase_interval_days: 2.11
2026-03-17 21:27:32,851 | INFO |     9. total_purchase_days_pre: 2.08
2026-03-17 21:27:32,852 | INFO |    10. take_address_rate: 1.78
2026-03-17 21:27:32,852 | INFO |    11. share_weeks_with_purchase: 1.66
2026-03-17 21:27:32,852 | INFO |    12. entropy_dow: 1.65
2026-03-17 21:27:32,852 | INFO |    13. n_order_categories_avg: 1.64
2026-03-17 21:27:32,852 | INFO |    14. gender: 1.62
2026-03-17 21:27:32,852 | INFO |    15. second_store_ratio: 1.60
2026-03-17 21:27:32,852 | INFO |    16. share_purchases_dow2: 1.59
2026-03-17 21:27:32,852 | INFO |    17. share_purchases_dow3: 1.57
2026-03-17 21:27:32,852 | INFO |    18. share_purchases_dow1: 1.55
2026-03-17 21:27:32,852 | INFO |    19. share_purchases_dow0: 1.55
2026-03-17 21:27:32,852 | INFO |    20. share_purchases_dow5: 1.52
2026-03-17 21:27:32,852 | INFO |    21. share_purchases_dow6: 1.51
2026-03-17 21:27:32,853 | INFO |    22. avg_coffee_num: 1.49
2026-03-17 21:27:32,853 | INFO |    23. coffee_share_orders: 1.48
2026-03-17 21:27:32,853 | INFO |    24. share_purchases_dow4: 1.48
2026-03-17 21:27:32,853 | INFO |    25. mean_inter_purchase_interval_days: 1.46
2026-03-17 21:27:32,853 | INFO |    26. max_gap_between_purchases: 1.46
2026-03-17 21:27:32,853 | INFO |    27. cv_inter_purchase_interval: 1.46
2026-03-17 21:27:32,853 | INFO |    28. total_orders_pre: 1.45
2026-03-17 21:27:32,853 | INFO |    29. avg_delivery_pay: 1.42
2026-03-17 21:27:32,853 | INFO |    30. avg_food_num: 1.41
2026-03-17 21:27:32,854 | INFO | 
Saved variable_importance_29.csv → /home/litao/Coffee/model-free/outputs/displacement_classification
2026-03-17 21:27:32,892 | INFO | 
================================================================================
2026-03-17 21:27:32,892 | INFO | Prediction Accuracy Table
2026-03-17 21:27:32,892 | INFO | ================================================================================
2026-03-17 21:27:32,895 | INFO |  accuracy  precision   recall       f1      fpr      fnr   n             group
 0.734266   0.773292 0.680328 0.723837 0.209169 0.319672 715 Treatment_Pre_t-1
 0.737166   0.747423 0.647321 0.693780 0.186312 0.352679 974   Control_Pre_t-1
 0.661191   0.521739 0.685714 0.592593 0.352564 0.314286 974 Control_During_t0
2026-03-17 21:27:32,896 | INFO | 
Saved prediction_accuracy_29.csv → /home/litao/Coffee/model-free/outputs/displacement_classification
2026-03-17 21:27:32,896 | INFO | 
Scoring full panel...
2026-03-17 21:27:32,952 | INFO | Saved scored panel (7,730 rows) → /home/litao/Coffee/model-free/outputs/displacement_classification/panel_with_scores_29.parquet
2026-03-17 21:27:33,022 | INFO | Saved score summary CSV → /home/litao/Coffee/model-free/outputs/displacement_classification/displacement_scores_29.csv
2026-03-17 21:27:33,294 | INFO | 
Saved ex-ante t0 scores: /home/litao/Coffee/model-free/outputs/displacement_classification/displacement_scores_t0_ex_ante.csv (55,113 rows)
2026-03-17 21:27:33,294 | INFO | 
================================================================================
2026-03-17 21:27:33,294 | INFO | Completed at 2026-03-17T21:27:33.294356
2026-03-17 21:27:33,294 | INFO | ================================================================================
