2026-02-03 14:15:34,176 - INFO - ================================================================================
2026-02-03 14:15:34,176 - INFO - Starting Data Preprocessing for Push Sensitivity Analysis
2026-02-03 14:15:34,176 - INFO - ================================================================================
2026-02-03 14:15:34,176 - INFO - Loading data...
2026-02-03 14:15:34,176 - INFO - Loading parquet file from: /home/litao/Coffee/model-free/Basic_dist/../combined_push_purchase_analysis.parquet
2026-02-03 14:15:34,192 - ERROR - Error reading parquet file: [Errno 2] Failed to open local file '/home/litao/Coffee/model-free/Basic_dist/../combined_push_purchase_analysis.parquet'. Detail: [errno 2] No such file or directory
2026-02-03 14:15:34,192 - INFO - Falling back to processing raw data files...
2026-02-03 14:15:34,192 - INFO - Loading from raw data files...
2026-02-03 14:16:12,426 - INFO - ================================================================================
2026-02-03 14:16:12,426 - INFO - Starting Data Preprocessing for Push Sensitivity Analysis
2026-02-03 14:16:12,426 - INFO - ================================================================================
2026-02-03 14:16:12,426 - INFO - Loading data...
2026-02-03 14:16:12,426 - INFO - Loading parquet file from: /home/litao/Coffee/model-free/Basic_dist/../combined_push_purchase_analysis.parquet
2026-02-03 14:16:12,437 - ERROR - Error reading parquet file: [Errno 2] Failed to open local file '/home/litao/Coffee/model-free/Basic_dist/../combined_push_purchase_analysis.parquet'. Detail: [errno 2] No such file or directory
2026-02-03 14:16:12,437 - INFO - Falling back to processing raw data files...
2026-02-03 14:16:12,437 - INFO - Loading from raw data files...
2026-02-03 14:17:49,989 - INFO - ================================================================================
2026-02-03 14:17:49,989 - INFO - Starting Data Preprocessing for Push Sensitivity Analysis
2026-02-03 14:17:49,989 - INFO - ================================================================================
2026-02-03 14:17:49,989 - INFO - Loading data...
2026-02-03 14:17:49,989 - INFO - Loading parquet file from: /home/litao/Coffee/model-free/Basic_dist/combined_push_purchase_analysis.parquet
2026-02-03 14:17:50,005 - ERROR - Error reading parquet file: 'ParquetFile' object has no attribute 'num_rows'
2026-02-03 14:17:50,006 - INFO - Falling back to processing raw data files...
2026-02-03 14:17:50,006 - INFO - Loading from raw data files...
2026-02-03 14:32:56,960 - INFO - ================================================================================
2026-02-03 14:32:56,960 - INFO - Starting Data Preprocessing for Push Sensitivity Analysis
2026-02-03 14:32:56,960 - INFO - ================================================================================
2026-02-03 14:32:56,961 - INFO - Loading data...
2026-02-03 14:32:56,961 - INFO - Loading parquet file from: /home/litao/Coffee/model-free/Basic_dist/combined_push_purchase_analysis.parquet
2026-02-03 14:33:38,089 - INFO - ================================================================================
2026-02-03 14:33:38,089 - INFO - Starting Data Preprocessing for Push Sensitivity Analysis
2026-02-03 14:33:38,089 - INFO - ================================================================================
2026-02-03 14:33:38,089 - INFO - Loading data...
2026-02-03 14:33:38,089 - INFO - Loading parquet file from: /home/litao/Coffee/model-free/Basic_dist/combined_push_purchase_analysis.parquet
2026-02-03 14:33:38,100 - INFO - Parquet file has 17 columns and 51847472 rows
2026-02-03 14:33:39,573 - INFO - Loaded 51,847,472 records with 779,744 unique members
2026-02-03 14:33:39,573 - INFO - Loading no_push_members from: /home/litao/Coffee/model-free/processed_data/no_push_members.csv
2026-02-03 14:33:39,604 - INFO - Found 120,841 members with push=0
2026-02-03 14:33:39,605 - INFO - Assigning push_group flags...
2026-02-03 14:34:18,112 - INFO - ================================================================================
2026-02-03 14:34:18,112 - INFO - Starting Data Preprocessing for Push Sensitivity Analysis
2026-02-03 14:34:18,112 - INFO - ================================================================================
2026-02-03 14:34:18,112 - INFO - Loading data...
2026-02-03 14:34:18,112 - INFO - Loading parquet file from: /home/litao/Coffee/model-free/Basic_dist/combined_push_purchase_analysis.parquet
2026-02-03 14:34:18,124 - INFO - Parquet file has 17 columns and 51847472 rows
2026-02-03 14:34:19,403 - INFO - Loaded 51,847,472 records with 779,744 unique members
2026-02-03 14:34:19,403 - INFO - Loading no_push_members from: /home/litao/Coffee/model-free/processed_data/no_push_members.csv
2026-02-03 14:34:19,427 - INFO - Found 120,841 members with push=0
2026-02-03 14:34:19,428 - INFO - Assigning push_group flags...
2026-02-03 14:34:23,419 - INFO - Push=0 group: 119,978 members, 9,303,185 records
2026-02-03 14:34:23,420 - INFO - Push=1 group: 659,766 members, 42,544,287 records
2026-02-03 14:34:23,420 - INFO - Identifying first dormant period entry per customer...
2026-02-03 14:34:26,156 - INFO - ================================================================================
2026-02-03 14:34:26,156 - INFO - Starting Data Preprocessing for Push Sensitivity Analysis
2026-02-03 14:34:26,156 - INFO - ================================================================================
2026-02-03 14:34:26,156 - INFO - Loading data...
2026-02-03 14:34:26,156 - INFO - Loading parquet file from: /home/litao/Coffee/model-free/Basic_dist/combined_push_purchase_analysis.parquet
2026-02-03 14:34:26,167 - INFO - Parquet file has 17 columns and 51847472 rows
2026-02-03 14:34:27,443 - INFO - Loaded 51,847,472 records with 779,744 unique members
2026-02-03 14:34:27,444 - INFO - Loading no_push_members from: /home/litao/Coffee/model-free/processed_data/no_push_members.csv
2026-02-03 14:34:27,472 - INFO - Found 120,841 members with push=0
2026-02-03 14:34:27,473 - INFO - Assigning push_group flags...
2026-02-03 14:34:29,750 - INFO - Customers who never entered dormant period: 57,544
2026-02-03 14:34:29,760 - INFO - Creating pre-period and post-period indicators...
2026-02-03 14:34:33,403 - INFO - Push=0 group: 119,978 members, 9,303,185 records
2026-02-03 14:34:33,404 - INFO - Push=1 group: 659,766 members, 42,544,287 records
2026-02-03 14:34:33,404 - INFO - Identifying first dormant period entry per customer...
2026-02-03 14:34:40,106 - INFO - Customers who never entered dormant period: 57,544
2026-02-03 14:34:40,113 - INFO - Creating pre-period and post-period indicators...
2026-02-03 14:34:44,208 - INFO - ================================================================================
2026-02-03 14:34:44,208 - INFO - Starting Data Preprocessing for Push Sensitivity Analysis
2026-02-03 14:34:44,208 - INFO - ================================================================================
2026-02-03 14:34:44,208 - INFO - Loading data...
2026-02-03 14:34:44,208 - INFO - Loading parquet file from: /home/litao/Coffee/model-free/Basic_dist/combined_push_purchase_analysis.parquet
2026-02-03 14:34:44,218 - INFO - Parquet file has 17 columns and 51847472 rows
2026-02-03 14:34:45,586 - INFO - Loaded 51,847,472 records with 779,744 unique members
2026-02-03 14:34:45,586 - INFO - Loading no_push_members from: /home/litao/Coffee/model-free/processed_data/no_push_members.csv
2026-02-03 14:34:45,612 - INFO - Found 120,841 members with push=0
2026-02-03 14:34:45,614 - INFO - Assigning push_group flags...
2026-02-03 14:34:51,205 - INFO - Push=0 group: 119,978 members, 9,303,185 records
2026-02-03 14:34:51,205 - INFO - Push=1 group: 659,766 members, 42,544,287 records
2026-02-03 14:34:51,206 - INFO - Identifying first dormant period entry per customer...
2026-02-03 14:34:57,853 - INFO - Customers who never entered dormant period: 57,544
2026-02-03 14:34:57,860 - INFO - Creating pre-period and post-period indicators...
2026-02-03 14:35:02,168 - INFO - ================================================================================
2026-02-03 14:35:02,168 - INFO - Starting Data Preprocessing for Push Sensitivity Analysis
2026-02-03 14:35:02,168 - INFO - ================================================================================
2026-02-03 14:35:02,168 - INFO - Loading data...
2026-02-03 14:35:02,168 - INFO - Loading parquet file from: /home/litao/Coffee/model-free/Basic_dist/combined_push_purchase_analysis.parquet
2026-02-03 14:35:02,179 - INFO - Parquet file has 17 columns and 51847472 rows
2026-02-03 14:35:03,498 - INFO - Loaded 51,847,472 records with 779,744 unique members
2026-02-03 14:35:03,498 - INFO - Loading no_push_members from: /home/litao/Coffee/model-free/processed_data/no_push_members.csv
2026-02-03 14:35:03,528 - INFO - Found 120,841 members with push=0
2026-02-03 14:35:03,529 - INFO - Assigning push_group flags...
2026-02-03 14:35:07,604 - INFO - Push=0 group: 119,978 members, 9,303,185 records
2026-02-03 14:35:07,605 - INFO - Push=1 group: 659,766 members, 42,544,287 records
2026-02-03 14:35:07,605 - INFO - Identifying first dormant period entry per customer...
2026-02-03 14:35:14,300 - INFO - Customers who never entered dormant period: 57,544
2026-02-03 14:35:14,309 - INFO - Creating pre-period and post-period indicators...
2026-02-03 14:35:18,692 - INFO - ================================================================================
2026-02-03 14:35:18,692 - INFO - Starting Data Preprocessing for Push Sensitivity Analysis
2026-02-03 14:35:18,692 - INFO - ================================================================================
2026-02-03 14:35:18,692 - INFO - Loading data...
2026-02-03 14:35:18,692 - INFO - Loading parquet file from: /home/litao/Coffee/model-free/Basic_dist/combined_push_purchase_analysis.parquet
2026-02-03 14:35:18,703 - INFO - Parquet file has 17 columns and 51847472 rows
2026-02-03 14:35:19,931 - INFO - Loaded 51,847,472 records with 779,744 unique members
2026-02-03 14:35:19,931 - INFO - Loading no_push_members from: /home/litao/Coffee/model-free/processed_data/no_push_members.csv
2026-02-03 14:35:19,955 - INFO - Found 120,841 members with push=0
2026-02-03 14:35:19,957 - INFO - Assigning push_group flags...
2026-02-03 14:35:24,000 - INFO - Push=0 group: 119,978 members, 9,303,185 records
2026-02-03 14:35:24,000 - INFO - Push=1 group: 659,766 members, 42,544,287 records
2026-02-03 14:35:24,000 - INFO - Identifying first dormant period entry per customer...
2026-02-03 14:35:29,661 - INFO - ================================================================================
2026-02-03 14:35:29,661 - INFO - Starting Data Preprocessing for Push Sensitivity Analysis
2026-02-03 14:35:29,661 - INFO - ================================================================================
2026-02-03 14:35:29,661 - INFO - Loading data...
2026-02-03 14:35:29,661 - INFO - Loading parquet file from: /home/litao/Coffee/model-free/Basic_dist/combined_push_purchase_analysis.parquet
2026-02-03 14:35:29,673 - INFO - Parquet file has 17 columns and 51847472 rows
2026-02-03 14:35:30,232 - INFO - Customers who never entered dormant period: 57,544
2026-02-03 14:35:30,240 - INFO - Creating pre-period and post-period indicators...
2026-02-03 14:35:30,954 - INFO - Loaded 51,847,472 records with 779,744 unique members
2026-02-03 14:35:30,954 - INFO - Loading no_push_members from: /home/litao/Coffee/model-free/processed_data/no_push_members.csv
2026-02-03 14:35:30,982 - INFO - Found 120,841 members with push=0
2026-02-03 14:35:30,984 - INFO - Assigning push_group flags...
2026-02-03 14:35:35,955 - INFO - Push=0 group: 119,978 members, 9,303,185 records
2026-02-03 14:35:35,955 - INFO - Push=1 group: 659,766 members, 42,544,287 records
2026-02-03 14:35:35,955 - INFO - Identifying first dormant period entry per customer...
2026-02-03 14:35:42,217 - INFO - Pre-period records: 2,729,361
2026-02-03 14:35:42,218 - INFO - Post-period records: 49,118,111
2026-02-03 14:35:42,350 - INFO - Customers who never entered dormant period: 57,544
2026-02-03 14:35:42,357 - INFO - Creating pre-period and post-period indicators...
2026-02-03 14:35:44,713 - INFO - Calculating summary statistics...
2026-02-03 14:46:41,956 - INFO - ================================================================================
2026-02-03 14:46:41,957 - INFO - Starting Data Preprocessing for Push Sensitivity Analysis
2026-02-03 14:46:41,957 - INFO - ================================================================================
2026-02-03 14:46:41,957 - INFO - Loading data...
2026-02-03 14:46:41,957 - INFO - Loading parquet file from: /home/litao/Coffee/model-free/Basic_dist/combined_push_purchase_analysis.parquet
2026-02-03 14:46:41,967 - INFO - Parquet file has 17 columns and 51847472 rows
2026-02-03 14:46:43,222 - INFO - Loaded 51,847,472 records with 779,744 unique members
2026-02-03 14:46:43,222 - INFO - Loading no_push_members from: /home/litao/Coffee/model-free/processed_data/no_push_members.csv
2026-02-03 14:46:43,246 - INFO - Found 120,841 members with push=0
2026-02-03 14:46:43,248 - INFO - Assigning push_group flags...
2026-02-03 14:46:47,225 - INFO - Push=0 group: 119,978 members, 9,303,185 records
2026-02-03 14:46:47,225 - INFO - Push=1 group: 659,766 members, 42,544,287 records
2026-02-03 14:46:47,225 - INFO - Identifying first dormant period entry per customer...
2026-02-03 14:46:53,483 - INFO - Customers who never entered dormant period: 57,544
2026-02-03 14:46:53,490 - INFO - Creating pre-period and post-period indicators...
2026-02-03 14:48:14,557 - INFO - ================================================================================
2026-02-03 14:48:14,557 - INFO - Starting Data Preprocessing for Push Sensitivity Analysis
2026-02-03 14:48:14,557 - INFO - ================================================================================
2026-02-03 14:48:14,557 - INFO - Loading data...
2026-02-03 14:48:14,557 - INFO - Loading parquet file from: /home/litao/Coffee/model-free/Basic_dist/combined_push_purchase_analysis.parquet
2026-02-03 14:48:14,568 - INFO - Parquet file has 17 columns and 51847472 rows
2026-02-03 14:48:15,891 - INFO - Loaded 51,847,472 records with 779,744 unique members
2026-02-03 14:48:15,892 - INFO - Loading no_push_members from: /home/litao/Coffee/model-free/processed_data/no_push_members.csv
2026-02-03 14:48:15,918 - INFO - Found 120,841 members with push=0
2026-02-03 14:48:15,920 - INFO - Assigning push_group flags...
2026-02-03 14:48:20,212 - INFO - Push=0 group: 119,978 members, 9,303,185 records
2026-02-03 14:48:20,212 - INFO - Push=1 group: 659,766 members, 42,544,287 records
2026-02-03 14:48:20,212 - INFO - Identifying first dormant period entry per customer...
2026-02-03 14:48:26,521 - INFO - Customers who never entered dormant period: 57,544
2026-02-03 14:48:26,528 - INFO - Creating pre-period and post-period indicators...
2026-02-03 14:48:26,528 - INFO - Building lookup dictionary for first_dormant_date...
2026-02-03 14:48:27,457 - INFO - Mapping first_dormant_date to records...
2026-02-03 14:49:11,512 - INFO - ================================================================================
2026-02-03 14:49:11,512 - INFO - Starting Data Preprocessing for Push Sensitivity Analysis
2026-02-03 14:49:11,512 - INFO - ================================================================================
2026-02-03 14:49:11,512 - INFO - Loading data...
2026-02-03 14:49:11,512 - INFO - Loading parquet file from: /home/litao/Coffee/model-free/Basic_dist/combined_push_purchase_analysis.parquet
2026-02-03 14:49:11,530 - INFO - Parquet file has 17 columns and 51847472 rows
2026-02-03 14:49:13,134 - INFO - Loaded 51,847,472 records with 779,744 unique members
2026-02-03 14:49:13,135 - INFO - Loading no_push_members from: /home/litao/Coffee/model-free/processed_data/no_push_members.csv
2026-02-03 14:49:13,193 - INFO - Found 120,841 members with push=0
2026-02-03 14:49:13,195 - INFO - Assigning push_group flags...
2026-02-03 14:49:19,017 - INFO - Push=0 group: 119,978 members, 9,303,185 records
2026-02-03 14:49:19,017 - INFO - Push=1 group: 659,766 members, 42,544,287 records
2026-02-03 14:49:19,017 - INFO - Identifying first dormant period entry per customer...
2026-02-03 14:49:44,697 - INFO - ================================================================================
2026-02-03 14:49:44,697 - INFO - Starting Data Preprocessing for Push Sensitivity Analysis
2026-02-03 14:49:44,697 - INFO - ================================================================================
2026-02-03 14:49:44,698 - INFO - Loading data...
2026-02-03 14:49:44,698 - INFO - Loading parquet file from: /home/litao/Coffee/model-free/Basic_dist/combined_push_purchase_analysis.parquet
2026-02-03 14:49:44,720 - INFO - Parquet file has 17 columns and 51847472 rows
2026-02-03 14:49:46,410 - INFO - Loaded 51,847,472 records with 779,744 unique members
2026-02-03 14:49:46,411 - INFO - Loading no_push_members from: /home/litao/Coffee/model-free/processed_data/no_push_members.csv
2026-02-03 14:49:46,469 - INFO - Found 120,841 members with push=0
2026-02-03 14:49:46,472 - INFO - Assigning push_group flags...
2026-02-03 14:49:52,688 - INFO - Push=0 group: 119,978 members, 9,303,185 records
2026-02-03 14:49:52,688 - INFO - Push=1 group: 659,766 members, 42,544,287 records
2026-02-03 14:49:52,689 - INFO - Identifying first dormant period entry per customer...
2026-02-03 14:49:54,315 - INFO - Finding first dormant date for each customer...
2026-02-03 14:50:35,959 - INFO - ================================================================================
2026-02-03 14:50:35,959 - INFO - Starting Data Preprocessing for Push Sensitivity Analysis
2026-02-03 14:50:35,959 - INFO - ================================================================================
2026-02-03 14:50:35,959 - INFO - Loading data...
2026-02-03 14:50:35,960 - INFO - Loading parquet file from: /home/litao/Coffee/model-free/Basic_dist/combined_push_purchase_analysis.parquet
2026-02-03 14:50:35,981 - INFO - Parquet file has 17 columns and 51847472 rows
2026-02-03 14:50:37,623 - INFO - Loaded 51,847,472 records with 779,744 unique members
2026-02-03 14:50:37,623 - INFO - Loading no_push_members from: /home/litao/Coffee/model-free/processed_data/no_push_members.csv
2026-02-03 14:50:37,677 - INFO - Found 120,841 members with push=0
2026-02-03 14:50:37,680 - INFO - Assigning push_group flags...
2026-02-03 14:50:43,694 - INFO - Push=0 group: 119,978 members, 9,303,185 records
2026-02-03 14:50:43,694 - INFO - Push=1 group: 659,766 members, 42,544,287 records
2026-02-03 14:50:43,694 - INFO - Identifying first dormant period entry per customer...
2026-02-03 14:50:45,252 - INFO - Finding first dormant date for each customer...
2026-02-03 14:50:50,619 - INFO - Customers who never entered dormant period: 57,544
2026-02-03 14:50:50,620 - INFO - Creating pre-period and post-period indicators...
2026-02-03 14:50:50,620 - INFO - Creating first_dormant_date mapping...
2026-02-03 14:50:50,641 - INFO - Mapping first_dormant_date to records (this may take a few minutes)...
2026-02-03 14:50:52,191 - INFO - Computing period indicators...
2026-02-03 14:51:01,878 - INFO - Pre-period records: 2,729,361
2026-02-03 14:51:01,878 - INFO - Post-period records: 49,118,111
2026-02-03 14:51:28,580 - INFO - ================================================================================
2026-02-03 14:51:28,581 - INFO - Starting Data Preprocessing for Push Sensitivity Analysis
2026-02-03 14:51:28,581 - INFO - ================================================================================
2026-02-03 14:51:28,581 - INFO - Loading data...
2026-02-03 14:51:28,581 - INFO - Loading parquet file from: /home/litao/Coffee/model-free/Basic_dist/combined_push_purchase_analysis.parquet
2026-02-03 14:51:28,600 - INFO - Parquet file has 17 columns and 51847472 rows
2026-02-03 14:51:30,246 - INFO - Loaded 51,847,472 records with 779,744 unique members
2026-02-03 14:51:30,247 - INFO - Loading no_push_members from: /home/litao/Coffee/model-free/processed_data/no_push_members.csv
2026-02-03 14:51:30,300 - INFO - Found 120,841 members with push=0
2026-02-03 14:51:30,303 - INFO - Assigning push_group flags...
2026-02-03 14:51:36,367 - INFO - Push=0 group: 119,978 members, 9,303,185 records
2026-02-03 14:51:36,367 - INFO - Push=1 group: 659,766 members, 42,544,287 records
2026-02-03 14:51:36,367 - INFO - Identifying first dormant period entry per customer...
2026-02-03 14:51:38,002 - INFO - Finding first dormant date for each customer...
2026-02-03 14:51:43,227 - INFO - Customers who never entered dormant period: 57,544
2026-02-03 14:51:43,228 - INFO - Creating pre-period and post-period indicators...
2026-02-03 14:51:43,228 - INFO - Creating first_dormant_date mapping...
2026-02-03 14:51:43,248 - INFO - Mapping first_dormant_date to records (this may take a few minutes)...
2026-02-03 14:51:44,573 - INFO - Computing period indicators...
2026-02-03 14:51:51,685 - INFO - Pre-period records: 2,729,361
2026-02-03 14:51:51,686 - INFO - Post-period records: 49,118,111
2026-02-03 14:51:51,687 - INFO - Calculating summary statistics...
2026-02-03 14:52:03,342 - INFO - 
Summary Statistics:
2026-02-03 14:52:03,362 - INFO -  push_group period  total_records  purchase_records  push_records  unique_members  avg_order_value  median_order_value  total_orders  avg_pushes_per_member
          0    pre         604487            604413            74          119978        39.615446                29.0        604413               4.111111
          0   post        8698698           1050290       7648408          114361        42.480604                31.0       1050290              67.187364
          1    pre        2124874           2124613           261          659766        40.773354                29.0       2124613               4.078125
          1   post       40419413           2962414      37456999          607839        42.217943                31.0       2962414              61.867605
2026-02-03 14:52:03,382 - INFO - Saving processed data to: /home/litao/Coffee/model-free/Basic_dist/push_sensitivity_analysis/data/analysis_data.parquet
2026-02-03 14:52:16,828 - INFO - Saved 51,847,472 records to /home/litao/Coffee/model-free/Basic_dist/push_sensitivity_analysis/data/analysis_data.parquet
2026-02-03 14:52:16,848 - INFO - Saved summary statistics to: /home/litao/Coffee/model-free/Basic_dist/push_sensitivity_analysis/data/summary_statistics.csv
2026-02-03 14:52:16,848 - INFO - ================================================================================
2026-02-03 14:52:16,848 - INFO - Data preprocessing complete!
2026-02-03 14:52:16,849 - INFO - ================================================================================
2026-02-03 14:52:56,713 - INFO - ================================================================================
2026-02-03 14:52:56,714 - INFO - Starting Data Preprocessing for Push Sensitivity Analysis
2026-02-03 14:52:56,714 - INFO - ================================================================================
2026-02-03 14:52:56,714 - INFO - Loading data...
2026-02-03 14:52:56,714 - INFO - Loading parquet file from: /home/litao/Coffee/model-free/Basic_dist/combined_push_purchase_analysis.parquet
2026-02-03 14:52:56,735 - INFO - Parquet file has 17 columns and 51847472 rows
2026-02-03 14:52:58,314 - INFO - Loaded 51,847,472 records with 779,744 unique members
2026-02-03 14:52:58,315 - INFO - Loading no_push_members from: /home/litao/Coffee/model-free/processed_data/no_push_members.csv
2026-02-03 14:52:58,370 - INFO - Found 120,841 members with push=0
2026-02-03 14:52:58,372 - INFO - Assigning push_group flags...
2026-02-03 14:53:04,377 - INFO - Push=0 group: 119,978 members, 9,303,185 records
2026-02-03 14:53:04,377 - INFO - Push=1 group: 659,766 members, 42,544,287 records
2026-02-03 14:53:04,377 - INFO - Identifying first dormant period entry per customer...
2026-02-03 14:53:05,990 - INFO - Finding first dormant date for each customer...
2026-02-03 14:53:11,279 - INFO - Customers who never entered dormant period: 57,544
2026-02-03 14:53:11,279 - INFO - Creating pre-period and post-period indicators...
2026-02-03 14:53:11,280 - INFO - Creating first_dormant_date mapping...
2026-02-03 14:53:11,301 - INFO - Mapping first_dormant_date to records (this may take a few minutes)...
2026-02-03 14:53:12,617 - INFO - Computing period indicators...
2026-02-03 14:53:19,753 - INFO - Pre-period records: 2,729,361
2026-02-03 14:53:19,753 - INFO - Post-period records: 49,118,111
2026-02-03 14:53:19,755 - INFO - Calculating summary statistics...
2026-02-03 14:53:31,494 - INFO - 
Summary Statistics:
2026-02-03 14:53:31,506 - INFO -  push_group period  total_records  purchase_records  push_records  unique_members  avg_order_value  median_order_value  total_orders  avg_pushes_per_member
          0    pre         604487            604413            74          119978        39.615446                29.0        604413               4.111111
          0   post        8698698           1050290       7648408          114361        42.480604                31.0       1050290              67.187364
          1    pre        2124874           2124613           261          659766        40.773354                29.0       2124613               4.078125
          1   post       40419413           2962414      37456999          607839        42.217943                31.0       2962414              61.867605
2026-02-03 14:53:31,525 - INFO - Saving processed data to: /home/litao/Coffee/model-free/Basic_dist/push_sensitivity_analysis/data/analysis_data.parquet
2026-02-03 14:53:45,045 - INFO - Saved 51,847,472 records to /home/litao/Coffee/model-free/Basic_dist/push_sensitivity_analysis/data/analysis_data.parquet
2026-02-03 14:53:45,049 - INFO - Saved summary statistics to: /home/litao/Coffee/model-free/Basic_dist/push_sensitivity_analysis/data/summary_statistics.csv
2026-02-03 14:53:45,049 - INFO - ================================================================================
2026-02-03 14:53:45,049 - INFO - Data preprocessing complete!
2026-02-03 14:53:45,049 - INFO - ================================================================================
2026-02-03 14:59:09,008 - INFO - ================================================================================
2026-02-03 14:59:09,009 - INFO - Starting Data Preprocessing for Push Sensitivity Analysis
2026-02-03 14:59:09,009 - INFO - ================================================================================
2026-02-03 14:59:09,009 - INFO - Loading data...
2026-02-03 14:59:09,009 - INFO - Loading parquet file from: /home/litao/Coffee/model-free/Basic_dist/combined_push_purchase_analysis.parquet
2026-02-03 14:59:09,029 - INFO - Parquet file has 17 columns and 51847472 rows
2026-02-03 14:59:10,814 - INFO - Loaded 51,847,472 records with 779,744 unique members
2026-02-03 14:59:10,814 - INFO - Loading no_push_members from: /home/litao/Coffee/model-free/processed_data/no_push_members.csv
2026-02-03 14:59:10,866 - INFO - Found 120,841 members with push=0
2026-02-03 14:59:10,870 - INFO - Assigning push_group flags...
2026-02-03 15:00:21,016 - INFO - Push=0 group: 119,978 members, 9,303,185 records
2026-02-03 15:00:21,016 - INFO - Push=1 group: 659,766 members, 42,544,287 records
2026-02-03 15:00:21,016 - INFO - Identifying first dormant period entry per customer...
2026-02-03 15:00:25,055 - INFO - Finding first dormant date for each customer...
2026-02-03 15:00:31,719 - INFO - Customers who never entered dormant period: 57,544
2026-02-03 15:00:31,719 - INFO - Creating pre-period and post-period indicators...
2026-02-03 15:00:31,719 - INFO - Creating first_dormant_date mapping...
2026-02-03 15:00:31,740 - INFO - Mapping first_dormant_date to records (this may take a few minutes)...
2026-02-03 15:00:33,073 - INFO - Computing period indicators...
2026-02-03 15:00:40,080 - INFO - Pre-period records: 2,729,361
2026-02-03 15:00:40,080 - INFO - Post-period records: 49,118,111
2026-02-03 15:00:40,082 - INFO - Calculating summary statistics...
2026-02-03 15:00:55,052 - INFO - 
Summary Statistics:
2026-02-03 15:00:55,064 - INFO -  push_group period  total_records  purchase_records  push_records  unique_members  avg_order_value  median_order_value  total_orders  avg_pushes_per_member
          0    pre         604487            604413            74          119978        39.615446                29.0        604413               4.111111
          0   post        8698698           1050290       7648408          114361        42.480604                31.0       1050290              67.187364
          1    pre        2124874           2124613           261          659766        40.773354                29.0       2124613               4.078125
          1   post       40419413           2962414      37456999          607839        42.217943                31.0       2962414              61.867605
2026-02-03 15:00:55,090 - INFO - Saving processed data to: /home/litao/Coffee/model-free/Basic_dist/push_sensitivity_analysis/data/analysis_data.parquet
2026-02-03 15:01:13,035 - INFO - Saved 51,847,472 records to /home/litao/Coffee/model-free/Basic_dist/push_sensitivity_analysis/data/analysis_data.parquet
2026-02-03 15:01:13,040 - INFO - Saved summary statistics to: /home/litao/Coffee/model-free/Basic_dist/push_sensitivity_analysis/data/summary_statistics.csv
2026-02-03 15:01:13,040 - INFO - ================================================================================
2026-02-03 15:01:13,041 - INFO - Data preprocessing complete!
2026-02-03 15:01:13,041 - INFO - ================================================================================
