2026-02-03 15:19:11,038 - INFO - ================================================================================
2026-02-03 15:19:11,038 - INFO - Starting Push Sensitivity DiD Analysis
2026-02-03 15:19:11,038 - INFO - ================================================================================
2026-02-03 15:19:11,038 - INFO - Loading preprocessed data...
2026-02-03 15:19:12,961 - INFO - Loaded 51,847,472 records
2026-02-03 15:19:12,962 - INFO - Calculating DiD metrics...
2026-02-03 15:25:13,542 - INFO - ================================================================================
2026-02-03 15:25:13,542 - INFO - Starting Push Sensitivity DiD Analysis
2026-02-03 15:25:13,543 - INFO - ================================================================================
2026-02-03 15:25:13,543 - INFO - Loading preprocessed data...
2026-02-03 15:25:15,544 - INFO - Loaded 51,847,472 records
2026-02-03 15:25:15,544 - INFO - Calculating DiD metrics...
2026-02-03 15:26:10,452 - INFO - ================================================================================
2026-02-03 15:26:10,452 - INFO - Starting Push Sensitivity DiD Analysis
2026-02-03 15:26:10,452 - INFO - ================================================================================
2026-02-03 15:26:10,452 - INFO - Loading preprocessed data...
2026-02-03 15:26:12,441 - INFO - Loaded 51,847,472 records
2026-02-03 15:26:12,441 - INFO - Calculating DiD metrics...
2026-02-03 15:39:27,077 - INFO - ================================================================================
2026-02-03 15:39:27,078 - INFO - Starting Push Sensitivity DiD Analysis
2026-02-03 15:39:27,078 - INFO - ================================================================================
2026-02-03 15:39:27,078 - INFO - Loading preprocessed data...
2026-02-03 15:39:28,979 - INFO - Loaded 51,847,472 records
2026-02-03 15:39:28,979 - INFO - Calculating DiD metrics...
2026-02-03 15:39:51,894 - INFO - Found 722,200 customers with dormant periods
2026-02-03 15:43:07,547 - INFO - Created DiD dataset with 722,200 customers
2026-02-03 15:43:07,569 - INFO - push=0: 114361 customers
2026-02-03 15:43:07,624 - INFO - push=1: 607839 customers
2026-02-03 15:43:07,694 - INFO - ================================================================================
2026-02-03 15:43:07,694 - INFO - Running Basic DiD Regression
2026-02-03 15:43:07,694 - INFO - ================================================================================
2026-02-03 15:43:07,731 - INFO - 
Wakeup rates by group:
2026-02-03 15:43:07,735 - INFO -                 mean   count       std
push_group                            
0           0.687288  114361  0.463600
1           0.522629  607839  0.499488
2026-02-03 15:43:07,824 - INFO - 
Chi-square test: χ²=10537.9916, p=0.000000
2026-02-03 15:43:09,214 - INFO - 
Model 1: wakeup ~ push_group
2026-02-03 15:43:10,471 - INFO - ==============================================================================
                 coef    std err          z      P>|z|      [0.025      0.975]
------------------------------------------------------------------------------
const          0.7875      0.006    123.457      0.000       0.775       0.800
push_group    -0.6969      0.007   -101.352      0.000      -0.710      -0.683
==============================================================================
2026-02-03 15:43:11,106 - INFO - 
Model 2: wakeup ~ push_group + pre_order_freq + pre_avg_value
2026-02-03 15:43:12,362 - INFO - ==================================================================================
                     coef    std err          z      P>|z|      [0.025      0.975]
----------------------------------------------------------------------------------
const              0.6431      0.009     72.293      0.000       0.626       0.661
push_group        -0.6930      0.007   -100.528      0.000      -0.707      -0.680
pre_order_freq     0.2137      0.004     48.453      0.000       0.205       0.222
pre_avg_value     -0.0025   7.13e-05    -34.627      0.000      -0.003      -0.002
==================================================================================
2026-02-03 15:43:12,367 - INFO - ================================================================================
2026-02-03 15:43:12,368 - INFO - Running Push Intensity Analysis
2026-02-03 15:43:12,368 - INFO - ================================================================================
2026-02-03 15:43:12,576 - INFO - Customers with pushes: 694,932
2026-02-03 15:43:12,577 - INFO - 
Push intensity by group:
2026-02-03 15:43:12,650 - INFO -                count       mean        std  min  25%   50%   75%    max
push_group                                                             
0           108489.0  36.531399  39.925122  1.0  5.0  19.0  58.0  208.0
1           586443.0  40.699713  40.240798  1.0  8.0  26.0  62.0  201.0
2026-02-03 15:43:12,672 - INFO - 
push=0: correlation between pushes and wakeup = -0.5123
2026-02-03 15:43:12,726 - INFO - 
push=1: correlation between pushes and wakeup = -0.4307
2026-02-03 15:43:12,827 - INFO - 
push=0: wakeup ~ total_pushes
2026-02-03 15:43:12,987 - INFO - ================================================================================
                   coef    std err          z      P>|z|      [0.025      0.975]
--------------------------------------------------------------------------------
const            1.9342      0.011    171.238      0.000       1.912       1.956
total_pushes    -0.0307      0.000   -144.201      0.000      -0.031      -0.030
================================================================================
2026-02-03 15:43:13,381 - INFO - 
push=1: wakeup ~ total_pushes
2026-02-03 15:43:13,881 - INFO - ================================================================================
                   coef    std err          z      P>|z|      [0.025      0.975]
--------------------------------------------------------------------------------
const            1.0512      0.004    247.756      0.000       1.043       1.059
total_pushes    -0.0273    9.3e-05   -293.923      0.000      -0.028      -0.027
================================================================================
2026-02-03 15:43:13,884 - INFO - ================================================================================
2026-02-03 15:43:13,884 - INFO - Running Heterogeneous Effects Analysis
2026-02-03 15:43:13,885 - INFO - ================================================================================
2026-02-03 15:43:13,885 - INFO - 
--- Analysis by Discount Depth ---
2026-02-03 15:43:13,961 - INFO - 
Wakeup rate by discount push availability:
2026-02-03 15:43:13,965 - INFO -                                   mean   count
push_group has_discount_push                  
0          0                  0.687288  114361
1          0                  0.522629  607839
2026-02-03 15:43:13,966 - INFO - 
--- Analysis by Trigger Diversity ---
2026-02-03 15:43:14,047 - INFO - 
Wakeup rate by trigger diversity:
2026-02-03 15:43:14,051 - INFO -                                        mean   count
push_group high_trigger_diversity                  
0          0                       0.687288  114361
1          0                       0.522629  607839
2026-02-03 15:43:14,052 - INFO - 
--- Analysis by Push Timing ---
2026-02-03 15:43:14,120 - INFO - 
Wakeup rate by early push availability:
2026-02-03 15:43:14,122 - INFO -                                  mean   count
push_group has_early_pushes                  
0          0                 0.592875   21895
           1                 0.709645   92466
1          0                 0.509930   98390
           1                 0.525081  509449
2026-02-03 15:43:14,122 - INFO - Creating event study visualization...
2026-02-03 15:43:16,615 - INFO - Saved: /home/litao/Coffee/model-free/Basic_dist/push_sensitivity_analysis/outputs/figures/event_study_plot.png
2026-02-03 15:43:16,615 - INFO - Saving results...
2026-02-03 15:43:23,891 - INFO - Saved: /home/litao/Coffee/model-free/Basic_dist/push_sensitivity_analysis/outputs/tables/did_dataset.csv
2026-02-03 15:43:23,996 - INFO - Saved: /home/litao/Coffee/model-free/Basic_dist/push_sensitivity_analysis/outputs/tables/summary_statistics.csv
2026-02-03 15:43:23,996 - INFO - ================================================================================
2026-02-03 15:43:23,996 - INFO - Push sensitivity DiD analysis complete!
2026-02-03 15:43:23,996 - INFO - ================================================================================
2026-02-03 15:44:29,116 - INFO - ================================================================================
2026-02-03 15:44:29,117 - INFO - Starting Push Sensitivity DiD Analysis
2026-02-03 15:44:29,117 - INFO - ================================================================================
2026-02-03 15:44:29,117 - INFO - Loading preprocessed data...
2026-02-03 15:44:31,185 - INFO - Loaded 51,847,472 records
2026-02-03 15:44:31,185 - INFO - Calculating DiD metrics...
2026-02-03 15:44:52,312 - INFO - Found 722,200 customers with dormant periods
2026-02-03 15:48:41,710 - INFO - Created DiD dataset with 722,200 customers
2026-02-03 15:48:41,734 - INFO - push=0: 114361 customers
2026-02-03 15:48:41,802 - INFO - push=1: 607839 customers
2026-02-03 15:48:42,049 - INFO - ================================================================================
2026-02-03 15:48:42,050 - INFO - Running Basic DiD Regression
2026-02-03 15:48:42,050 - INFO - ================================================================================
2026-02-03 15:48:42,093 - INFO - 
Wakeup rates by group:
2026-02-03 15:48:42,096 - INFO -                 mean   count       std
push_group                            
0           0.687288  114361  0.463600
1           0.522629  607839  0.499488
2026-02-03 15:48:42,182 - INFO - 
Chi-square test: χ²=10537.9916, p=0.000000
2026-02-03 15:48:43,570 - INFO - 
Model 1: wakeup ~ push_group
2026-02-03 15:48:44,820 - INFO - ==============================================================================
                 coef    std err          z      P>|z|      [0.025      0.975]
------------------------------------------------------------------------------
const          0.7875      0.006    123.457      0.000       0.775       0.800
push_group    -0.6969      0.007   -101.352      0.000      -0.710      -0.683
==============================================================================
2026-02-03 15:48:45,775 - INFO - 
Model 2: wakeup ~ push_group + pre_order_freq + pre_avg_value
2026-02-03 15:48:47,041 - INFO - ==================================================================================
                     coef    std err          z      P>|z|      [0.025      0.975]
----------------------------------------------------------------------------------
const              0.6431      0.009     72.293      0.000       0.626       0.661
push_group        -0.6930      0.007   -100.528      0.000      -0.707      -0.680
pre_order_freq     0.2137      0.004     48.453      0.000       0.205       0.222
pre_avg_value     -0.0025   7.13e-05    -34.627      0.000      -0.003      -0.002
==================================================================================
2026-02-03 15:48:47,046 - INFO - ================================================================================
2026-02-03 15:48:47,046 - INFO - Running Push Intensity Analysis
2026-02-03 15:48:47,046 - INFO - ================================================================================
2026-02-03 15:48:47,162 - INFO - Customers with pushes: 694,932
2026-02-03 15:48:47,162 - INFO - 
Push intensity by group:
2026-02-03 15:48:47,241 - INFO -                count       mean        std  min  25%   50%   75%    max
push_group                                                             
0           108489.0  36.531399  39.925122  1.0  5.0  19.0  58.0  208.0
1           586443.0  40.699713  40.240798  1.0  8.0  26.0  62.0  201.0
2026-02-03 15:48:47,264 - INFO - 
push=0: correlation between pushes and wakeup = -0.5123
2026-02-03 15:48:47,327 - INFO - 
push=1: correlation between pushes and wakeup = -0.4307
2026-02-03 15:48:47,439 - INFO - 
push=0: wakeup ~ total_pushes
2026-02-03 15:48:47,590 - INFO - ================================================================================
                   coef    std err          z      P>|z|      [0.025      0.975]
--------------------------------------------------------------------------------
const            1.9342      0.011    171.238      0.000       1.912       1.956
total_pushes    -0.0307      0.000   -144.201      0.000      -0.031      -0.030
================================================================================
2026-02-03 15:48:48,108 - INFO - 
push=1: wakeup ~ total_pushes
2026-02-03 15:48:48,724 - INFO - ================================================================================
                   coef    std err          z      P>|z|      [0.025      0.975]
--------------------------------------------------------------------------------
const            1.0512      0.004    247.756      0.000       1.043       1.059
total_pushes    -0.0273    9.3e-05   -293.923      0.000      -0.028      -0.027
================================================================================
2026-02-03 15:48:48,729 - INFO - ================================================================================
2026-02-03 15:48:48,730 - INFO - Running Heterogeneous Effects Analysis
2026-02-03 15:48:48,730 - INFO - ================================================================================
2026-02-03 15:48:48,730 - INFO - 
--- Analysis by Discount Depth ---
2026-02-03 15:48:48,928 - INFO - 
Wakeup rate by discount push availability:
2026-02-03 15:48:48,931 - INFO -                                   mean   count
push_group has_discount_push                  
0          0                  0.687288  114361
1          0                  0.522629  607839
2026-02-03 15:48:48,931 - INFO - 
--- Analysis by Trigger Diversity ---
2026-02-03 15:48:48,991 - INFO - 
Wakeup rate by trigger diversity:
2026-02-03 15:48:48,993 - INFO -                                        mean   count
push_group high_trigger_diversity                  
0          0                       0.687288  114361
1          0                       0.522629  607839
2026-02-03 15:48:48,993 - INFO - 
--- Analysis by Push Timing ---
2026-02-03 15:48:49,057 - INFO - 
Wakeup rate by early push availability:
2026-02-03 15:48:49,059 - INFO -                                  mean   count
push_group has_early_pushes                  
0          0                 0.592875   21895
           1                 0.709645   92466
1          0                 0.509930   98390
           1                 0.525081  509449
2026-02-03 15:48:49,059 - INFO - Creating event study visualization...
2026-02-03 15:48:51,763 - INFO - Saved: /home/litao/Coffee/model-free/Basic_dist/push_sensitivity_analysis/outputs/figures/event_study_plot.png
2026-02-03 15:48:51,763 - INFO - Saving results...
2026-02-03 15:48:58,829 - INFO - Saved: /home/litao/Coffee/model-free/Basic_dist/push_sensitivity_analysis/outputs/tables/did_dataset.csv
2026-02-03 15:48:58,937 - INFO - Saved: /home/litao/Coffee/model-free/Basic_dist/push_sensitivity_analysis/outputs/tables/summary_statistics.csv
2026-02-03 15:48:58,937 - INFO - ================================================================================
2026-02-03 15:48:58,937 - INFO - Push sensitivity DiD analysis complete!
2026-02-03 15:48:58,937 - INFO - ================================================================================
