2026-03-08 22:31:47,094 | INFO | ================================================================================
2026-03-08 22:31:47,094 | INFO | Displacement Classification Model Training
2026-03-08 22:31:47,094 | INFO | Started at 2026-03-08T22:31:47.094668
2026-03-08 22:31:47,094 | INFO | ================================================================================
2026-03-08 22:32:50,648 | INFO | Loading order result from /home/litao/Coffee/data/data1031/order_result.csv
2026-03-08 22:33:34,248 | INFO |   Loaded 7,312,498 orders
2026-03-08 22:33:34,250 | INFO | Loading member demographics from /home/litao/Coffee/data/data1031/member_result.csv
2026-03-08 22:33:34,894 | INFO |   Loaded 809,751 members
2026-03-08 22:33:34,916 | INFO | Loaded 120,841 no-push members
2026-03-08 22:33:49,987 | INFO | 
Building training panel (4-week window)...
2026-03-08 22:34:15,454 | INFO |   Closure 1/101...
2026-03-08 22:34:34,516 | INFO |   Closure 25/101...
2026-03-08 22:35:06,219 | INFO |   Closure 50/101...
2026-03-08 22:35:48,762 | INFO |   Closure 75/101...
2026-03-08 22:36:30,976 | INFO |   Closure 100/101...
2026-03-08 22:38:10,102 | INFO |   Panel: 19,475,706 rows, 115,200 unique members
2026-03-08 22:38:10,199 | INFO |   Label distribution: {0: 13955812, 1: 5519894}
2026-03-08 22:38:14,946 | INFO | 
Computing features...
2026-03-08 22:40:12,753 | INFO |   Row 1/19475706...
