======================================================================
Customer-Store Closure Impact Analysis
======================================================================
Loading order commodity data from: /home/litao/Coffee/data/data1031/order_commodity_result.csv
  Total records: 10,631,250
  Unique customers: 779,744
  Unique stores: 260
  Date range: 2020-06-01 to 2021-12-31
Loading order result data from: /home/litao/Coffee/data/data1031/order_result.csv
  Total orders: 7,312,498

Loaded 41 store closures.

======================================================================
Threshold Justification Analysis
======================================================================

[1] Population-level purchase count statistics (unique purchase days per customer):
    Total customers : 779,744
    Min             : 1
    Max             : 695
    Mean            : 8.70
    Median          : 3
    Std             : 18.31
    25th pct        : 1
    75th pct        : 8

[2] Coverage at different purchase thresholds:
    >=  1 purchases : 779,744 customers (100.0%)
    >=  2 purchases : 496,589 customers (63.7%)
    >=  3 purchases : 392,990 customers (50.4%)
    >=  5 purchases : 286,784 customers (36.8%)
    >=  7 purchases : 226,155 customers (29.0%)
    >= 10 purchases : 169,762 customers (21.8%)
    >= 15 purchases : 116,536 customers (14.9%)
    >= 20 purchases :  85,949 customers (11.0%)
    --> Chosen threshold = 5: 286,784 customers (36.8%) qualify

[3] Preferred-store ratio (max single-store share) among qualified customers:
    Count   : 286,784
    Min     : 0.033
    Max     : 1.000
    Mean    : 0.696
    Median  : 0.714
    Std     : 0.246
    50th pct: 0.714
    75th pct: 0.938
    90th pct: 1.000

[4] Coverage at different ratio thresholds (among qualified customers):
    ratio >= 0.5 : 217,889 customers (76.0%)
    ratio >= 0.6 : 183,040 customers (63.8%)
    ratio >= 0.7 : 148,361 customers (51.7%)
    ratio >= 0.8 : 124,015 customers (43.2%)
    ratio >= 0.9 :  84,216 customers (29.4%)
    ratio >= 1.0 :  60,707 customers (21.2%)
    --> Chosen ratio = 0.8: 124,015 customers (43.2%) are store-loyal

======================================================================
Task 1: Distribution of Unique Stores per Customer
======================================================================

Calculating unique stores per customer (min 5 purchases)...
  Qualified customers: 286,784
  Unique stores - Min: 1, Max: 132, Mean: 3.77, Median: 3

Creating histogram of unique stores per customer...
  Histogram saved to: /home/litao/Coffee/model-free/plots/customer_store_analysis/unique_stores_histogram_p5.pdf

Calculating customer store preferences (min 5 purchases)...
  Qualified customers: 286,784
  Preferred store ratio - Mean: 0.696, Median: 0.714

======================================================================
Task 2: Staggered DiD Closure Impact (window=14 days)
======================================================================

Analyzing closure impact (staggered DiD, window=14 days)...
  Config: lowest_purchases=5, lowest_ratio=0.8
  Pre-sorting data by date for fast period slicing...
  Pre-sorting done.
  Never-treated control pool: 108,591 customers
  Closure dept=239 (2020-09-05 – 2020-09-23): treated=5, control=14519, treat_rate=0.000, ctrl_rate=0.624
  Closure dept=101 (2020-09-12 – 2020-10-08): treated=321, control=15889, treat_rate=0.153, ctrl_rate=0.645
  Closure dept=64 (2020-10-11 – 2020-10-21): treated=300, control=21301, treat_rate=0.103, ctrl_rate=0.463
  Closure dept=64 (2020-10-31 – 2020-11-10): treated=300, control=26147, treat_rate=0.123, ctrl_rate=0.436
  Closure dept=166 (2021-01-12 – 2021-03-06): treated=593, control=42386, treat_rate=0.020, ctrl_rate=0.499
  Closure dept=253 (2021-01-20 – 2021-02-28): treated=208, control=43817, treat_rate=0.019, ctrl_rate=0.373
  Closure dept=254 (2021-01-30 – 2021-02-21): treated=115, control=44921, treat_rate=0.035, ctrl_rate=0.265
  Closure dept=228 (2021-02-04 – 2021-02-20): treated=183, control=45347, treat_rate=0.022, ctrl_rate=0.214
  Closure dept=225 (2021-02-09 – 2021-02-18): treated=644, control=45788, treat_rate=0.016, ctrl_rate=0.102
  Closure dept=181 (2021-02-11 – 2021-02-25): treated=117, control=45896, treat_rate=0.043, ctrl_rate=0.206
  Closure dept=21 (2021-04-09 – 2021-04-19): treated=310, control=53112, treat_rate=0.090, ctrl_rate=0.303
  Closure dept=8 (2021-05-27 – 2021-06-10): treated=347, control=62508, treat_rate=0.040, ctrl_rate=0.392
  Closure dept=166 (2021-06-29 – 2021-10-07): treated=593, control=70842, treat_rate=0.061, ctrl_rate=0.497
  Closure dept=57 (2021-07-01 – 2021-07-14): treated=958, control=71371, treat_rate=0.142, ctrl_rate=0.262
  Closure dept=19 (2021-07-15 – 2021-07-25): treated=728, control=73810, treat_rate=0.048, ctrl_rate=0.169
  Closure dept=124 (2021-07-22 – 2021-08-18): treated=1515, control=74857, treat_rate=0.077, ctrl_rate=0.225
  Closure dept=238 (2021-07-24 – 2021-08-21): treated=954, control=75200, treat_rate=0.043, ctrl_rate=0.226
  Closure dept=44 (2021-07-24 – 2021-08-05): treated=406, control=75200, treat_rate=0.057, ctrl_rate=0.134
  Closure dept=39 (2021-07-25 – 2021-08-19): treated=282, control=75286, treat_rate=0.071, ctrl_rate=0.213
  Closure dept=147 (2021-07-27 – 2021-09-12): treated=462, control=75389, treat_rate=0.095, ctrl_rate=0.310
  Closure dept=246 (2021-07-27 – 2021-08-08): treated=103, control=75389, treat_rate=0.010, ctrl_rate=0.135
  Closure dept=133 (2021-07-28 – 2021-08-22): treated=264, control=75460, treat_rate=0.023, ctrl_rate=0.218
  Closure dept=110 (2021-07-28 – 2021-09-05): treated=494, control=75460, treat_rate=0.087, ctrl_rate=0.284
  Closure dept=160 (2021-07-28 – 2021-08-31): treated=487, control=75460, treat_rate=0.055, ctrl_rate=0.265
  Closure dept=68 (2021-07-29 – 2021-08-23): treated=201, control=75548, treat_rate=0.109, ctrl_rate=0.223
  Closure dept=64 (2021-07-29 – 2021-08-22): treated=300, control=75548, treat_rate=0.107, ctrl_rate=0.216
  Closure dept=47 (2021-07-30 – 2021-08-10): treated=234, control=75648, treat_rate=0.056, ctrl_rate=0.137
  Closure dept=75 (2021-07-31 – 2021-09-12): treated=335, control=75743, treat_rate=0.227, ctrl_rate=0.304
  Closure dept=220 (2021-08-03 – 2021-08-12): treated=619, control=75968, treat_rate=0.015, ctrl_rate=0.132
  Closure dept=182 (2021-08-03 – 2021-08-20): treated=299, control=75968, treat_rate=0.020, ctrl_rate=0.190
  Closure dept=196 (2021-08-03 – 2021-08-20): treated=299, control=75968, treat_rate=0.037, ctrl_rate=0.190
  Closure dept=189 (2021-08-03 – 2021-08-12): treated=224, control=75968, treat_rate=0.009, ctrl_rate=0.132
  Closure dept=59 (2021-08-03 – 2021-08-19): treated=446, control=75968, treat_rate=0.027, ctrl_rate=0.183
  Closure dept=121 (2021-08-03 – 2021-08-20): treated=218, control=75968, treat_rate=0.014, ctrl_rate=0.190
  Closure dept=197 (2021-08-03 – 2021-08-19): treated=55, control=75968, treat_rate=0.036, ctrl_rate=0.183
  Closure dept=46 (2021-08-04 – 2021-08-19): treated=349, control=76077, treat_rate=0.023, ctrl_rate=0.178
  Closure dept=62 (2021-08-04 – 2021-08-17): treated=242, control=76077, treat_rate=0.045, ctrl_rate=0.161
  Closure dept=3 (2021-08-09 – 2021-08-22): treated=1194, control=76615, treat_rate=0.005, ctrl_rate=0.171
  Closure dept=5 (2021-08-18 – 2021-08-31): treated=342, control=77614, treat_rate=0.020, ctrl_rate=0.190
  Closure dept=131 (2021-08-29 – 2021-09-08): treated=460, control=79002, treat_rate=0.024, ctrl_rate=0.173
  Closure dept=165 (2021-11-10 – 2021-11-21): treated=111, control=93540, treat_rate=0.009, ctrl_rate=0.253

  Analyzed 41 closures.

======================================================================
Task 2 (robustness): Staggered DiD Closure Impact (window=28 days)
======================================================================

Analyzing closure impact (staggered DiD, window=28 days)...
  Config: lowest_purchases=5, lowest_ratio=0.8
  Pre-sorting data by date for fast period slicing...
  Pre-sorting done.
  Never-treated control pool: 108,591 customers
  Closure dept=239 (2020-09-05 – 2020-09-23): treated=5, control=14519, treat_rate=0.000, ctrl_rate=0.624
  Closure dept=101 (2020-09-12 – 2020-10-08): treated=321, control=15889, treat_rate=0.153, ctrl_rate=0.645
  Closure dept=64 (2020-10-11 – 2020-10-21): treated=300, control=21301, treat_rate=0.103, ctrl_rate=0.463
  Closure dept=64 (2020-10-31 – 2020-11-10): treated=300, control=26147, treat_rate=0.123, ctrl_rate=0.436
  Closure dept=166 (2021-01-12 – 2021-03-06): treated=593, control=42386, treat_rate=0.020, ctrl_rate=0.499
  Closure dept=253 (2021-01-20 – 2021-02-28): treated=208, control=43817, treat_rate=0.019, ctrl_rate=0.373
  Closure dept=254 (2021-01-30 – 2021-02-21): treated=115, control=44921, treat_rate=0.035, ctrl_rate=0.265
  Closure dept=228 (2021-02-04 – 2021-02-20): treated=183, control=45347, treat_rate=0.022, ctrl_rate=0.214
  Closure dept=225 (2021-02-09 – 2021-02-18): treated=644, control=45788, treat_rate=0.016, ctrl_rate=0.102
  Closure dept=181 (2021-02-11 – 2021-02-25): treated=117, control=45896, treat_rate=0.043, ctrl_rate=0.206
  Closure dept=21 (2021-04-09 – 2021-04-19): treated=310, control=53112, treat_rate=0.090, ctrl_rate=0.303
  Closure dept=8 (2021-05-27 – 2021-06-10): treated=347, control=62508, treat_rate=0.040, ctrl_rate=0.392
  Closure dept=166 (2021-06-29 – 2021-10-07): treated=593, control=70842, treat_rate=0.061, ctrl_rate=0.497
  Closure dept=57 (2021-07-01 – 2021-07-14): treated=958, control=71371, treat_rate=0.142, ctrl_rate=0.262
  Closure dept=19 (2021-07-15 – 2021-07-25): treated=728, control=73810, treat_rate=0.048, ctrl_rate=0.169
  Closure dept=124 (2021-07-22 – 2021-08-18): treated=1515, control=74857, treat_rate=0.077, ctrl_rate=0.225
  Closure dept=238 (2021-07-24 – 2021-08-21): treated=954, control=75200, treat_rate=0.043, ctrl_rate=0.226
  Closure dept=44 (2021-07-24 – 2021-08-05): treated=406, control=75200, treat_rate=0.057, ctrl_rate=0.134
  Closure dept=39 (2021-07-25 – 2021-08-19): treated=282, control=75286, treat_rate=0.071, ctrl_rate=0.213
  Closure dept=147 (2021-07-27 – 2021-09-12): treated=462, control=75389, treat_rate=0.095, ctrl_rate=0.310
  Closure dept=246 (2021-07-27 – 2021-08-08): treated=103, control=75389, treat_rate=0.010, ctrl_rate=0.135
  Closure dept=133 (2021-07-28 – 2021-08-22): treated=264, control=75460, treat_rate=0.023, ctrl_rate=0.218
  Closure dept=110 (2021-07-28 – 2021-09-05): treated=494, control=75460, treat_rate=0.087, ctrl_rate=0.284
  Closure dept=160 (2021-07-28 – 2021-08-31): treated=487, control=75460, treat_rate=0.055, ctrl_rate=0.265
  Closure dept=68 (2021-07-29 – 2021-08-23): treated=201, control=75548, treat_rate=0.109, ctrl_rate=0.223
  Closure dept=64 (2021-07-29 – 2021-08-22): treated=300, control=75548, treat_rate=0.107, ctrl_rate=0.216
  Closure dept=47 (2021-07-30 – 2021-08-10): treated=234, control=75648, treat_rate=0.056, ctrl_rate=0.137
  Closure dept=75 (2021-07-31 – 2021-09-12): treated=335, control=75743, treat_rate=0.227, ctrl_rate=0.304
  Closure dept=220 (2021-08-03 – 2021-08-12): treated=619, control=75968, treat_rate=0.015, ctrl_rate=0.132
  Closure dept=182 (2021-08-03 – 2021-08-20): treated=299, control=75968, treat_rate=0.020, ctrl_rate=0.190
  Closure dept=196 (2021-08-03 – 2021-08-20): treated=299, control=75968, treat_rate=0.037, ctrl_rate=0.190
  Closure dept=189 (2021-08-03 – 2021-08-12): treated=224, control=75968, treat_rate=0.009, ctrl_rate=0.132
  Closure dept=59 (2021-08-03 – 2021-08-19): treated=446, control=75968, treat_rate=0.027, ctrl_rate=0.183
  Closure dept=121 (2021-08-03 – 2021-08-20): treated=218, control=75968, treat_rate=0.014, ctrl_rate=0.190
  Closure dept=197 (2021-08-03 – 2021-08-19): treated=55, control=75968, treat_rate=0.036, ctrl_rate=0.183
  Closure dept=46 (2021-08-04 – 2021-08-19): treated=349, control=76077, treat_rate=0.023, ctrl_rate=0.178
  Closure dept=62 (2021-08-04 – 2021-08-17): treated=242, control=76077, treat_rate=0.045, ctrl_rate=0.161
  Closure dept=3 (2021-08-09 – 2021-08-22): treated=1194, control=76615, treat_rate=0.005, ctrl_rate=0.171
  Closure dept=5 (2021-08-18 – 2021-08-31): treated=342, control=77614, treat_rate=0.020, ctrl_rate=0.190
  Closure dept=131 (2021-08-29 – 2021-09-08): treated=460, control=79002, treat_rate=0.024, ctrl_rate=0.173
  Closure dept=165 (2021-11-10 – 2021-11-21): treated=111, control=93540, treat_rate=0.009, ctrl_rate=0.253

  Analyzed 41 closures.

Summary saved to: /home/litao/Coffee/model-free/plots/customer_store_analysis/closure_impact_did_p5_r80_w14.csv
Robustness summary saved to: /home/litao/Coffee/model-free/plots/customer_store_analysis/closure_impact_did_p5_r80_w28.csv
Period behavior saved to: /home/litao/Coffee/model-free/plots/customer_store_analysis/period_behavior_p5_r80_w14.csv
Robustness period behavior saved to: /home/litao/Coffee/model-free/plots/customer_store_analysis/period_behavior_p5_r80_w28.csv

======================================================================
Summary Statistics (primary window)
======================================================================

#treatment:
  Mean   : 405.293
  Median : 310.000
  Min    : 5.000
  Max    : 1515.000

#control:
  Mean   : 65086.415
  Median : 75389.000
  Min    : 14519.000
  Max    : 93540.000

treatment_purchase_rate_during:
  Mean   : 0.054
  Median : 0.040
  Min    : 0.000
  Max    : 0.227

control_purchase_rate_during:
  Mean   : 0.260
  Median : 0.216
  Min    : 0.102
  Max    : 0.645

selectivity_ratio:
  Mean   : 0.215
  Median : 0.190
  Min    : 0.000
  Max    : 0.745

======================================================================
Task 3: Statistical Tests
======================================================================

======================================================================
Statistical Tests (customer-level, window=14 days)
======================================================================

  Metric: Purchase Days per Day
    treat_pre_vs_post          : p=0.0012  **  (n=15424 customers)
    ctrl_pre_vs_post           : p=0.0000  ***  (n=94311 customers)
    T_vs_C_in_pre              : p=0.0000  ***  (nT=15424, nC=94311)
    T_vs_C_in_post             : p=0.0164  *  (nT=15424, nC=94311)

  Metric: New Product Ratio
    treat_pre_vs_post          : p=0.3852  ns  (n=2258 customers)
    ctrl_pre_vs_post           : p=0.0000  ***  (n=59682 customers)
    T_vs_C_in_pre              : p=0.0002  ***  (nT=4099, nC=78487)
    T_vs_C_in_post             : p=0.0000  ***  (nT=4330, nC=63265)

  Metric: Mean Total Discount
    treat_pre_vs_post          : p=0.0000  ***  (n=2258 customers)
    ctrl_pre_vs_post           : p=0.0000  ***  (n=59682 customers)
    T_vs_C_in_pre              : p=0.0000  ***  (nT=4099, nC=78487)
    T_vs_C_in_post             : p=0.0005  ***  (nT=4330, nC=63265)

  Metric: Coupon Usage Rate
    treat_pre_vs_post          : p=0.2058  ns  (n=2258 customers)
    ctrl_pre_vs_post           : p=0.0000  ***  (n=59682 customers)
    T_vs_C_in_pre              : p=0.0009  ***  (nT=4099, nC=78487)
    T_vs_C_in_post             : p=0.0062  **  (nT=4330, nC=63265)

======================================================================
Statistical Tests (customer-level, window=28 days)
======================================================================

  Metric: Purchase Days per Day
    treat_pre_vs_post          : p=0.4004  ns  (n=15424 customers)
    ctrl_pre_vs_post           : p=0.0000  ***  (n=94311 customers)
    T_vs_C_in_pre              : p=0.0000  ***  (nT=15424, nC=94311)
    T_vs_C_in_post             : p=0.0000  ***  (nT=15424, nC=94311)

  Metric: New Product Ratio
    treat_pre_vs_post          : p=0.0000  ***  (n=3972 customers)
    ctrl_pre_vs_post           : p=0.0000  ***  (n=68658 customers)
    T_vs_C_in_pre              : p=0.1552  ns  (nT=6268, nC=87162)
    T_vs_C_in_post             : p=0.0000  ***  (nT=6268, nC=69927)

  Metric: Mean Total Discount
    treat_pre_vs_post          : p=0.0000  ***  (n=3972 customers)
    ctrl_pre_vs_post           : p=0.0000  ***  (n=68658 customers)
    T_vs_C_in_pre              : p=0.0000  ***  (nT=6268, nC=87162)
    T_vs_C_in_post             : p=0.3049  ns  (nT=6268, nC=69927)

  Metric: Coupon Usage Rate
    treat_pre_vs_post          : p=0.0071  **  (n=3972 customers)
    ctrl_pre_vs_post           : p=0.0000  ***  (n=68658 customers)
    T_vs_C_in_pre              : p=0.0000  ***  (nT=6268, nC=87162)
    T_vs_C_in_post             : p=0.0010  **  (nT=6268, nC=69927)
  Test results saved to: /home/litao/Coffee/model-free/plots/customer_store_analysis/stat_tests_p5_r80_w14.csv
  Robustness test results saved to: /home/litao/Coffee/model-free/plots/customer_store_analysis/stat_tests_p5_r80_w28.csv

======================================================================
Task 4: Visualize Behavior Comparison
======================================================================

Creating behavior comparison plots (window=14 days)...
  Combined plot saved: /home/litao/Coffee/model-free/plots/customer_store_analysis/behavior_comparison_w14.pdf

Creating behavior comparison plots (window=28 days)...
  Combined plot saved: /home/litao/Coffee/model-free/plots/customer_store_analysis/behavior_comparison_w28_robustness.pdf

======================================================================
Task 5: Duration-Split Behavior Comparison
======================================================================

Duration-split plots (threshold=30 days):
  Short closures (< 30 days): 32 closures, 6,668,673 rows
  Long  closures (>= 30 days): 6 closures, 1,386,807 rows

======================================================================
Statistical Tests (customer-level, window=14 days)
======================================================================

  Metric: Purchase Days per Day
    treat_pre_vs_post          : p=0.0242  *  (n=12845 customers)
    ctrl_pre_vs_post           : p=0.0000  ***  (n=94294 customers)
    T_vs_C_in_pre              : p=0.0000  ***  (nT=12845, nC=94294)
    T_vs_C_in_post             : p=0.0004  ***  (nT=12845, nC=94294)

  Metric: New Product Ratio
    treat_pre_vs_post          : p=0.0018  **  (n=1865 customers)
    ctrl_pre_vs_post           : p=0.0000  ***  (n=56588 customers)
    T_vs_C_in_pre              : p=0.0000  ***  (nT=3386, nC=76046)
    T_vs_C_in_post             : p=0.0000  ***  (nT=3540, nC=60545)

  Metric: Mean Total Discount
    treat_pre_vs_post          : p=0.0000  ***  (n=1865 customers)
    ctrl_pre_vs_post           : p=0.0000  ***  (n=56588 customers)
    T_vs_C_in_pre              : p=0.0000  ***  (nT=3386, nC=76046)
    T_vs_C_in_post             : p=0.0299  *  (nT=3540, nC=60545)

  Metric: Coupon Usage Rate
    treat_pre_vs_post          : p=0.1339  ns  (n=1865 customers)
    ctrl_pre_vs_post           : p=0.0000  ***  (n=56588 customers)
    T_vs_C_in_pre              : p=0.0002  ***  (nT=3386, nC=76046)
    T_vs_C_in_post             : p=0.0026  **  (nT=3540, nC=60545)

Creating behavior comparison plots (window=14 days)...
  Combined plot saved: /home/litao/Coffee/model-free/plots/customer_store_analysis/behavior_comparison_w14_short_lt30.pdf

======================================================================
Statistical Tests (customer-level, window=14 days)
======================================================================

  Metric: Purchase Days per Day
    treat_pre_vs_post          : p=0.0028  **  (n=2579 customers)
    ctrl_pre_vs_post           : p=0.0000  ***  (n=76427 customers)
    T_vs_C_in_pre              : p=0.0000  ***  (nT=2579, nC=76427)
    T_vs_C_in_post             : p=0.9692  ns  (nT=2579, nC=76427)

  Metric: New Product Ratio
    treat_pre_vs_post          : p=0.0000  ***  (n=393 customers)
    ctrl_pre_vs_post           : p=0.0000  ***  (n=30044 customers)
    T_vs_C_in_pre              : p=0.0257  *  (nT=713, nC=47218)
    T_vs_C_in_post             : p=0.0000  ***  (nT=790, nC=37748)

  Metric: Mean Total Discount
    treat_pre_vs_post          : p=0.0000  ***  (n=393 customers)
    ctrl_pre_vs_post           : p=0.0000  ***  (n=30044 customers)
    T_vs_C_in_pre              : p=0.5003  ns  (nT=713, nC=47218)
    T_vs_C_in_post             : p=0.0001  ***  (nT=790, nC=37748)

  Metric: Coupon Usage Rate
    treat_pre_vs_post          : p=0.8281  ns  (n=393 customers)
    ctrl_pre_vs_post           : p=0.0315  *  (n=30044 customers)
    T_vs_C_in_pre              : p=0.4900  ns  (nT=713, nC=47218)
    T_vs_C_in_post             : p=0.3549  ns  (nT=790, nC=37748)

Creating behavior comparison plots (window=14 days)...
  Combined plot saved: /home/litao/Coffee/model-free/plots/customer_store_analysis/behavior_comparison_w14_long_ge30.pdf

Duration-split plots (threshold=30 days):
  Short closures (< 30 days): 32 closures, 6,668,673 rows
  Long  closures (>= 30 days): 6 closures, 1,386,807 rows

======================================================================
Statistical Tests (customer-level, window=28 days)
======================================================================

  Metric: Purchase Days per Day
    treat_pre_vs_post          : p=0.1905  ns  (n=12845 customers)
    ctrl_pre_vs_post           : p=0.0000  ***  (n=94294 customers)
    T_vs_C_in_pre              : p=0.0000  ***  (nT=12845, nC=94294)
    T_vs_C_in_post             : p=0.0000  ***  (nT=12845, nC=94294)

  Metric: New Product Ratio
    treat_pre_vs_post          : p=0.0000  ***  (n=3286 customers)
    ctrl_pre_vs_post           : p=0.0000  ***  (n=66608 customers)
    T_vs_C_in_pre              : p=0.0463  *  (nT=5171, nC=85837)
    T_vs_C_in_post             : p=0.0000  ***  (nT=5150, nC=68087)

  Metric: Mean Total Discount
    treat_pre_vs_post          : p=0.0000  ***  (n=3286 customers)
    ctrl_pre_vs_post           : p=0.0000  ***  (n=66608 customers)
    T_vs_C_in_pre              : p=0.0000  ***  (nT=5171, nC=85837)
    T_vs_C_in_post             : p=0.8043  ns  (nT=5150, nC=68087)

  Metric: Coupon Usage Rate
    treat_pre_vs_post          : p=0.0156  *  (n=3286 customers)
    ctrl_pre_vs_post           : p=0.0000  ***  (n=66608 customers)
    T_vs_C_in_pre              : p=0.0000  ***  (nT=5171, nC=85837)
    T_vs_C_in_post             : p=0.0000  ***  (nT=5150, nC=68087)

Creating behavior comparison plots (window=28 days)...
  Combined plot saved: /home/litao/Coffee/model-free/plots/customer_store_analysis/behavior_comparison_w28_short_lt30_robustness.pdf

======================================================================
Statistical Tests (customer-level, window=28 days)
======================================================================

  Metric: Purchase Days per Day
    treat_pre_vs_post          : p=0.3303  ns  (n=2579 customers)
    ctrl_pre_vs_post           : p=0.0000  ***  (n=76427 customers)
    T_vs_C_in_pre              : p=0.0000  ***  (nT=2579, nC=76427)
    T_vs_C_in_post             : p=0.7549  ns  (nT=2579, nC=76427)

  Metric: New Product Ratio
    treat_pre_vs_post          : p=0.0254  *  (n=686 customers)
    ctrl_pre_vs_post           : p=0.0000  ***  (n=40534 customers)
    T_vs_C_in_pre              : p=0.0119  *  (nT=1097, nC=59631)
    T_vs_C_in_post             : p=0.0000  ***  (nT=1118, nC=44943)

  Metric: Mean Total Discount
    treat_pre_vs_post          : p=0.0000  ***  (n=686 customers)
    ctrl_pre_vs_post           : p=0.0000  ***  (n=40534 customers)
    T_vs_C_in_pre              : p=0.7040  ns  (nT=1097, nC=59631)
    T_vs_C_in_post             : p=0.0099  **  (nT=1118, nC=44943)

  Metric: Coupon Usage Rate
    treat_pre_vs_post          : p=0.2386  ns  (n=686 customers)
    ctrl_pre_vs_post           : p=0.0165  *  (n=40534 customers)
    T_vs_C_in_pre              : p=0.3723  ns  (nT=1097, nC=59631)
    T_vs_C_in_post             : p=0.6577  ns  (nT=1118, nC=44943)

Creating behavior comparison plots (window=28 days)...
  Combined plot saved: /home/litao/Coffee/model-free/plots/customer_store_analysis/behavior_comparison_w28_long_ge30_robustness.pdf

======================================================================
Task 6: Push-Split Treatment Behavior Comparison
======================================================================
  Loaded 120,841 no-push member IDs.

Push-split treatment plot (window=14 days):
  treatment_no_push   : 3,115 unique members
  treatment_with_push : 12,309 unique members

Creating push-split behavior comparison plot (window=14 days)...
  Push-split combined plot saved: /home/litao/Coffee/model-free/plots/customer_store_analysis/behavior_comparison_w14_push_split.pdf

Push-split treatment plot (window=28 days):
  treatment_no_push   : 3,115 unique members
  treatment_with_push : 12,309 unique members

Creating push-split behavior comparison plot (window=28 days)...
  Push-split combined plot saved: /home/litao/Coffee/model-free/plots/customer_store_analysis/behavior_comparison_w28_push_split_robustness.pdf

======================================================================
Analysis Complete!
======================================================================
