============================================================
Closure Trend Line Plots (weekly periods)
============================================================
Loading order commodity data from: /home/litao/Coffee/data/data1031/order_commodity_result.csv
  Total records: 10,631,250
  Unique customers: 779,744
  Unique stores: 260
  Date range: 2020-06-01 to 2021-12-31
Loading order result data from: /home/litao/Coffee/data/data1031/order_result.csv
  Total orders: 7,312,498

Loaded 41 closures.
  Control: use_set_up_time_matched_control=True

Calculating customer store preferences (min 5 purchases)...
  Qualified customers: 286,784
  Preferred store ratio - Mean: 0.696, Median: 0.714

--- Building panel for 2-week window ---
    Processing closure 1/41...
    Skipping closure (dept_id=239, closure_start=2020-09-05): #treatment=7 or #control=453 < 50.
    Skipping closure (dept_id=101, closure_start=2020-09-12): ctrl_rate=0.681 < 2.0*treat_rate=0.351.
    Skipping closure (dept_id=64, closure_start=2020-10-11): ctrl_rate=0.402 < 2.0*treat_rate=0.281.
    Skipping closure (dept_id=64, closure_start=2020-10-31): ctrl_rate=0.446 < 2.0*treat_rate=0.309.
    Skipping closure (dept_id=181, closure_start=2021-02-11): ctrl_rate=0.107 < 2.0*treat_rate=0.160.
    Skipping closure (dept_id=21, closure_start=2021-04-09): ctrl_rate=0.314 < 2.0*treat_rate=0.205.
    Skipping closure (dept_id=57, closure_start=2021-07-01): ctrl_rate=0.331 < 2.0*treat_rate=0.220.
    Processing closure 20/41...
    Skipping closure (dept_id=147, closure_start=2021-07-27): ctrl_rate=0.244 < 2.0*treat_rate=0.161.
    Skipping closure (dept_id=110, closure_start=2021-07-28): ctrl_rate=0.163 < 2.0*treat_rate=0.170.
    Skipping closure (dept_id=160, closure_start=2021-07-28): ctrl_rate=0.169 < 2.0*treat_rate=0.118.
    Skipping closure (dept_id=68, closure_start=2021-07-29): ctrl_rate=0.308 < 2.0*treat_rate=0.179.
    Skipping closure (dept_id=64, closure_start=2021-07-29): ctrl_rate=0.312 < 2.0*treat_rate=0.178.
    Skipping closure (dept_id=75, closure_start=2021-07-31): ctrl_rate=0.498 < 2.0*treat_rate=0.345.
    Skipping closure (dept_id=220, closure_start=2021-08-03): ctrl_rate=0.030 < 2.0*treat_rate=0.032.
    Skipping closure (dept_id=182, closure_start=2021-08-03): ctrl_rate=0.043 < 2.0*treat_rate=0.068.
    Skipping closure (dept_id=196, closure_start=2021-08-03): ctrl_rate=0.082 < 2.0*treat_rate=0.081.
    Skipping closure (dept_id=189, closure_start=2021-08-03): no qualified control members. (control_stores=[14, 203, 202, 204, 201])
    Skipping closure (dept_id=197, closure_start=2021-08-03): #treatment=9 or #control=21 < 50.
    Processing closure 40/41...
  Panel rows: 275,125
  (group, t) combinations: 10
  Saved: /home/litao/Coffee/model-free/plots/customer_store_analysis/closure_trend_lines_w2.pdf

--- Building panel for 4-week window ---
    Processing closure 1/41...
    Skipping closure (dept_id=239, closure_start=2020-09-05): #treatment=7 or #control=453 < 50.
    Skipping closure (dept_id=101, closure_start=2020-09-12): ctrl_rate=0.681 < 2.0*treat_rate=0.351.
    Skipping closure (dept_id=64, closure_start=2020-10-11): ctrl_rate=0.402 < 2.0*treat_rate=0.281.
    Skipping closure (dept_id=64, closure_start=2020-10-31): ctrl_rate=0.446 < 2.0*treat_rate=0.309.
    Skipping closure (dept_id=181, closure_start=2021-02-11): ctrl_rate=0.107 < 2.0*treat_rate=0.160.
    Skipping closure (dept_id=21, closure_start=2021-04-09): ctrl_rate=0.314 < 2.0*treat_rate=0.205.
    Skipping closure (dept_id=57, closure_start=2021-07-01): ctrl_rate=0.331 < 2.0*treat_rate=0.220.
    Processing closure 20/41...
    Skipping closure (dept_id=147, closure_start=2021-07-27): ctrl_rate=0.244 < 2.0*treat_rate=0.161.
    Skipping closure (dept_id=110, closure_start=2021-07-28): ctrl_rate=0.163 < 2.0*treat_rate=0.170.
    Skipping closure (dept_id=160, closure_start=2021-07-28): ctrl_rate=0.169 < 2.0*treat_rate=0.118.
    Skipping closure (dept_id=68, closure_start=2021-07-29): ctrl_rate=0.308 < 2.0*treat_rate=0.179.
    Skipping closure (dept_id=64, closure_start=2021-07-29): ctrl_rate=0.312 < 2.0*treat_rate=0.178.
    Skipping closure (dept_id=75, closure_start=2021-07-31): ctrl_rate=0.498 < 2.0*treat_rate=0.345.
    Skipping closure (dept_id=220, closure_start=2021-08-03): ctrl_rate=0.030 < 2.0*treat_rate=0.032.
    Skipping closure (dept_id=182, closure_start=2021-08-03): ctrl_rate=0.043 < 2.0*treat_rate=0.068.
    Skipping closure (dept_id=196, closure_start=2021-08-03): ctrl_rate=0.082 < 2.0*treat_rate=0.081.
    Skipping closure (dept_id=189, closure_start=2021-08-03): no qualified control members. (control_stores=[14, 203, 202, 204, 201])
    Skipping closure (dept_id=197, closure_start=2021-08-03): #treatment=9 or #control=21 < 50.
    Processing closure 40/41...
  Panel rows: 495,225
  (group, t) combinations: 18
  Saved: /home/litao/Coffee/model-free/plots/customer_store_analysis/closure_trend_lines_w4.pdf

--- Building panel for 8-week window ---
    Processing closure 1/41...
    Skipping closure (dept_id=239, closure_start=2020-09-05): #treatment=7 or #control=453 < 50.
    Skipping closure (dept_id=101, closure_start=2020-09-12): ctrl_rate=0.681 < 2.0*treat_rate=0.351.
    Skipping closure (dept_id=64, closure_start=2020-10-11): ctrl_rate=0.402 < 2.0*treat_rate=0.281.
    Skipping closure (dept_id=64, closure_start=2020-10-31): ctrl_rate=0.446 < 2.0*treat_rate=0.309.
    Skipping closure (dept_id=181, closure_start=2021-02-11): ctrl_rate=0.107 < 2.0*treat_rate=0.160.
    Skipping closure (dept_id=21, closure_start=2021-04-09): ctrl_rate=0.314 < 2.0*treat_rate=0.205.
    Skipping closure (dept_id=57, closure_start=2021-07-01): ctrl_rate=0.331 < 2.0*treat_rate=0.220.
    Processing closure 20/41...
    Skipping closure (dept_id=147, closure_start=2021-07-27): ctrl_rate=0.244 < 2.0*treat_rate=0.161.
    Skipping closure (dept_id=110, closure_start=2021-07-28): ctrl_rate=0.163 < 2.0*treat_rate=0.170.
    Skipping closure (dept_id=160, closure_start=2021-07-28): ctrl_rate=0.169 < 2.0*treat_rate=0.118.
    Skipping closure (dept_id=68, closure_start=2021-07-29): ctrl_rate=0.308 < 2.0*treat_rate=0.179.
    Skipping closure (dept_id=64, closure_start=2021-07-29): ctrl_rate=0.312 < 2.0*treat_rate=0.178.
    Skipping closure (dept_id=75, closure_start=2021-07-31): ctrl_rate=0.498 < 2.0*treat_rate=0.345.
    Skipping closure (dept_id=220, closure_start=2021-08-03): ctrl_rate=0.030 < 2.0*treat_rate=0.032.
    Skipping closure (dept_id=182, closure_start=2021-08-03): ctrl_rate=0.043 < 2.0*treat_rate=0.068.
    Skipping closure (dept_id=196, closure_start=2021-08-03): ctrl_rate=0.082 < 2.0*treat_rate=0.081.
    Skipping closure (dept_id=189, closure_start=2021-08-03): no qualified control members. (control_stores=[14, 203, 202, 204, 201])
    Skipping closure (dept_id=197, closure_start=2021-08-03): #treatment=9 or #control=21 < 50.
    Processing closure 40/41...
  Panel rows: 935,425
  (group, t) combinations: 34
  Saved: /home/litao/Coffee/model-free/plots/customer_store_analysis/closure_trend_lines_w8.pdf

Done.
